[05:11:16] [main/INFO]: Loading Minecraft 1.20.1 with Fabric Loader 0.16.3
[05:11:16] [main/WARN]: Warnings were found!
 - Mod 'Debugify' (debugify) 1.20.1+2.0 recommends any 3.x version of yet-another-config-lib, which is missing!
	 - You should install any 3.x version of yet-another-config-lib for the optimal experience.
[05:11:16] [main/INFO]: Loading 79 mods:
	- cloth-config 11.1.106
	   \-- cloth-basic-math 0.6.1
	- controlify 1.6.0+1.20
	   |-- dev_isxander_sdl2-jni 2.28.2-26
	   |-- org_hid4java_hid4java 0.7.0
	   \-- org_quiltmc_quilt-json5 1.0.3
	- debugify 1.20.1+2.0
	- e4mc_minecraft 4.0.1
	- fabric-api 0.90.0+1.20.1
	   |-- fabric-api-base 0.4.30+7abfd51577
	   |-- fabric-api-lookup-api-v1 1.6.35+4d8536c977
	   |-- fabric-biome-api-v1 13.0.12+215bbe9677
	   |-- fabric-block-api-v1 1.0.10+92a0d36777
	   |-- fabric-block-view-api-v2 1.0.0+92a0d36777
	   |-- fabric-blockrenderlayer-v1 1.1.40+b3afc78b77
	   |-- fabric-client-tags-api-v1 1.1.1+97bb207577
	   |-- fabric-command-api-v1 1.2.33+f71b366f77
	   |-- fabric-command-api-v2 2.2.12+b3afc78b77
	   |-- fabric-commands-v0 0.2.50+df3654b377
	   |-- fabric-containers-v0 0.1.63+df3654b377
	   |-- fabric-content-registries-v0 4.0.10+57aed33f77
	   |-- fabric-convention-tags-v1 1.5.4+a1a980da77
	   |-- fabric-crash-report-info-v1 0.2.18+aeb40ebe77
	   |-- fabric-data-generation-api-v1 12.3.2+d7b148e077
	   |-- fabric-dimensions-v1 2.1.53+8536527b77
	   |-- fabric-entity-events-v1 1.5.22+b3afc78b77
	   |-- fabric-events-interaction-v0 0.6.1+e91849a877
	   |-- fabric-events-lifecycle-v0 0.2.62+df3654b377
	   |-- fabric-game-rule-api-v1 1.0.38+b04edc7a77
	   |-- fabric-item-api-v1 2.1.27+b3afc78b77
	   |-- fabric-item-group-api-v1 4.0.11+d7b148e077
	   |-- fabric-key-binding-api-v1 1.0.36+fb8d95da77
	   |-- fabric-keybindings-v0 0.2.34+df3654b377
	   |-- fabric-lifecycle-events-v1 2.2.21+b3afc78b77
	   |-- fabric-loot-api-v2 1.2.0+96dfa95977
	   |-- fabric-loot-tables-v1 1.1.44+9e7660c677
	   |-- fabric-message-api-v1 5.1.8+d7b148e077
	   |-- fabric-mining-level-api-v1 2.1.49+b3afc78b77
	   |-- fabric-model-loading-api-v1 1.0.2+709a987177
	   |-- fabric-models-v0 0.4.1+9386d8a777
	   |-- fabric-networking-api-v1 1.3.10+eeb8eb3677
	   |-- fabric-networking-v0 0.3.50+df3654b377
	   |-- fabric-object-builder-api-v1 11.1.1+6beca84877
	   |-- fabric-particles-v1 1.1.1+201a23a077
	   |-- fabric-recipe-api-v1 1.0.20+b3afc78b77
	   |-- fabric-registry-sync-v0 2.3.2+4df89eb277
	   |-- fabric-renderer-api-v1 3.2.0+39a511ba77
	   |-- fabric-renderer-indigo 1.5.0+39a511ba77
	   |-- fabric-renderer-registries-v1 3.2.45+df3654b377
	   |-- fabric-rendering-data-attachment-v1 0.3.36+92a0d36777
	   |-- fabric-rendering-fluids-v1 3.0.27+b3afc78b77
	   |-- fabric-rendering-v0 1.1.48+df3654b377
	   |-- fabric-rendering-v1 3.0.7+b3afc78b77
	   |-- fabric-resource-conditions-api-v1 2.3.6+d7b148e077
	   |-- fabric-resource-loader-v0 0.11.9+132c48c177
	   |-- fabric-screen-api-v1 2.0.7+b3afc78b77
	   |-- fabric-screen-handler-api-v1 1.3.29+b3afc78b77
	   |-- fabric-sound-api-v1 1.0.12+b3afc78b77
	   |-- fabric-transfer-api-v1 3.3.1+195226a777
	   \-- fabric-transitive-access-wideners-v1 4.3.0+6c31357e77
	- fabric-language-kotlin 1.10.10+kotlin.1.9.10
	   |-- org_jetbrains_kotlin_kotlin-reflect 1.9.10
	   |-- org_jetbrains_kotlin_kotlin-stdlib 1.9.10
	   |-- org_jetbrains_kotlin_kotlin-stdlib-jdk7 1.9.10
	   |-- org_jetbrains_kotlin_kotlin-stdlib-jdk8 1.9.10
	   |-- org_jetbrains_kotlinx_atomicfu-jvm 0.22.0
	   |-- org_jetbrains_kotlinx_kotlinx-coroutines-core-jvm 1.7.3
	   |-- org_jetbrains_kotlinx_kotlinx-coroutines-jdk8 1.7.3
	   |-- org_jetbrains_kotlinx_kotlinx-datetime-jvm 0.4.0
	   |-- org_jetbrains_kotlinx_kotlinx-serialization-cbor-jvm 1.6.0
	   |-- org_jetbrains_kotlinx_kotlinx-serialization-core-jvm 1.6.0
	   \-- org_jetbrains_kotlinx_kotlinx-serialization-json-jvm 1.6.0
	- fabricloader 0.16.3
	   \-- mixinextras 0.4.1
	- ferritecore 6.0.0
	- java 17
	- lithium 0.11.2
	- memoryleakfix 1.1.2
	- minecraft 1.20.1
	- mixintrace 1.1.1+1.17
	- modernfix 5.8.1+mc1.20.1
	- nochatreports 1.20.1-v2.2.2
	   |-- fabric-rendering-v1 3.0.6+b3afc78b82
	   \-- fabric-screen-api-v1 2.0.6+b3afc78b82
	- yet_another_config_lib_v3 3.2.1+1.20
	   |-- com_twelvemonkeys_common_common-image 3.10.0-SNAPSHOT
	   |-- com_twelvemonkeys_common_common-io 3.10.0-SNAPSHOT
	   |-- com_twelvemonkeys_common_common-lang 3.10.0-SNAPSHOT
	   |-- com_twelvemonkeys_imageio_imageio-core 3.10.0-SNAPSHOT
	   |-- com_twelvemonkeys_imageio_imageio-metadata 3.10.0-SNAPSHOT
	   |-- com_twelvemonkeys_imageio_imageio-webp 3.10.0-SNAPSHOT
	   |-- org_quiltmc_parsers_gson 0.2.1
	   \-- org_quiltmc_parsers_json 0.2.1
	- yosbr 0.1.2
[05:11:16] [main/INFO]: Applying default options... (YOSBR)
[05:11:16] [main/INFO]: SpongePowered MIXIN Subsystem Version=0.8.7 Source=file:/workspaces/LOSATACAOS/servidor_minecraft/libraries/net/fabricmc/sponge-mixin/0.15.2+mixin.0.8.7/sponge-mixin-0.15.2+mixin.0.8.7.jar Service=Knot/Fabric Env=SERVER
[05:11:16] [main/INFO]: Compatibility level set to JAVA_17
[05:11:16] [main/INFO]: Preloading Debugify
[05:11:16] [main/INFO]: Loaded configuration file for Lithium: 115 options available, 1 override(s) found
[05:11:17] [main/INFO]: Loaded configuration file for ModernFix 5.8.1+mc1.20.1: 52 options available, 0 override(s) found
[05:11:17] [main/INFO]: Applying Nashorn fix
[05:11:17] [main/WARN]: Force-disabling mixin 'alloc.blockstate.StateMixin' as rule 'mixin.alloc.blockstate' (added by mods [ferritecore]) disables it and children
[05:11:17] [main/WARN]: Error loading class: net/minecraft/class_340 (java.lang.ClassNotFoundException: net/minecraft/class_340)
[05:11:17] [main/WARN]: @Mixin target net.minecraft.class_340 was not found modernfix-fabric.mixins.json:feature.branding.GuiMixin from mod modernfix
[05:11:17] [main/WARN]: Error loading class: net/minecraft/class_1043 (java.lang.ClassNotFoundException: net/minecraft/class_1043)
[05:11:17] [main/WARN]: @Mixin target net.minecraft.class_1043 was not found modernfix-fabric.mixins.json:safety.DynamicTextureMixin from mod modernfix
[05:11:17] [main/WARN]: Error loading class: net/minecraft/class_310 (java.lang.ClassNotFoundException: net/minecraft/class_310)
[05:11:17] [main/WARN]: @Mixin target net.minecraft.class_310 was not found modernfix-fabric.mixins.json:core.MCMixin_Fabric from mod modernfix
[05:11:17] [main/WARN]: Error loading class: net/minecraft/class_634 (java.lang.ClassNotFoundException: net/minecraft/class_634)
[05:11:17] [main/WARN]: @Mixin target net.minecraft.class_634 was not found modernfix-fabric.mixins.json:core.ClientPlayNetHandlerMixin from mod modernfix
[05:11:17] [main/WARN]: Error loading class: net/minecraft/class_310 (java.lang.ClassNotFoundException: net/minecraft/class_310)
[05:11:17] [main/WARN]: @Mixin target net.minecraft.class_310 was not found modernfix-common.mixins.json:bugfix.world_leaks.MinecraftMixin from mod modernfix
[05:11:17] [main/WARN]: Error loading class: net/minecraft/class_287 (java.lang.ClassNotFoundException: net/minecraft/class_287)
[05:11:17] [main/WARN]: @Mixin target net.minecraft.class_287 was not found modernfix-common.mixins.json:bugfix.buffer_builder_leak.BufferBuilderMixin from mod modernfix
[05:11:17] [main/WARN]: Error loading class: net/minecraft/class_528$class_4272 (java.lang.ClassNotFoundException: net/minecraft/class_528$class_4272)
[05:11:17] [main/WARN]: @Mixin target net.minecraft.class_528$class_4272 was not found modernfix-common.mixins.json:bugfix.world_screen_skipped.WorldSelectionListMixin from mod modernfix
[05:11:17] [main/INFO]: [MemoryLeakFix] Will be applying 1 memory leak fixes!
[05:11:17] [main/INFO]: [MemoryLeakFix] Currently enabled memory leak fixes: [biomeTemperatureLeak]
[05:11:17] [main/INFO]: Initializing MixinExtras via com.llamalad7.mixinextras.service.MixinExtrasServiceImpl(version=0.4.1).
[05:11:18] [main/INFO]: Mixing common.MixinFriendlyByteBuf from mixins/common/nochatreports.mixins.json into net.minecraft.class_2540
[05:11:18] [main/INFO]: Renaming synthetic method lambda$onWriteJsonWithCodec$1(Ljava/lang/Object;Ljava/lang/String;)Lio/netty/handler/codec/EncoderException; to mdef3da2$nochatreports$lambda$onWriteJsonWithCodec$1$0 in mixins/common/nochatreports.mixins.json:common.MixinFriendlyByteBuf from mod nochatreports
[05:11:18] [main/INFO]: Renaming synthetic method lambda$onReadJsonWithCodec$0(Ljava/lang/String;)Lio/netty/handler/codec/DecoderException; to mdef3da2$nochatreports$lambda$onReadJsonWithCodec$0$1 in mixins/common/nochatreports.mixins.json:common.MixinFriendlyByteBuf from mod nochatreports
[05:11:19] [main/INFO]: Injecting BlockStateBase cache population hook into getNeighborPathNodeType from me.jellysquid.mods.lithium.mixin.ai.pathing.AbstractBlockStateMixin
[05:11:19] [main/INFO]: Injecting BlockStateBase cache population hook into getPathNodeType from me.jellysquid.mods.lithium.mixin.ai.pathing.AbstractBlockStateMixin
[05:11:19] [main/INFO]: Injecting BlockStateBase cache population hook into getAllFlags from me.jellysquid.mods.lithium.mixin.util.block_tracking.AbstractBlockStateMixin
[05:11:20] [main/INFO]: Mixing server.MixinServerGamePacketListenerImpl from mixins/common/nochatreports.mixins.json into net.minecraft.class_3244
[05:11:21] [main/WARN]: Method overwrite conflict for method_21740 in modernfix-common.mixins.json:perf.remove_biome_temperature_cache.BiomeMixin from mod modernfix, previously written by me.jellysquid.mods.lithium.mixin.world.temperature_cache.BiomeMixin. Skipping method.
[05:11:21] [main/INFO]: Vanilla bootstrap took 3401 milliseconds
[05:11:21] [main/INFO]: Enabled 34 bug fixes: [MC-2025, MC-7569, MC-8187, MC-14923, MC-30391, MC-31819, MC-69216, MC-72151, MC-88371, MC-89146, MC-90084, MC-93018, MC-100991, MC-119417, MC-119754, MC-121706, MC-121903, MC-124117, MC-129909, MC-132878, MC-135971, MC-155509, MC-160095, MC-179072, MC-183990, MC-193343, MC-199467, MC-200418, MC-206922, MC-215530, MC-223153, MC-224729, MC-231743, MC-232869]
[05:11:21] [main/INFO]: Successfully Debugify'd your game!
[05:11:22] [main/INFO]: KONNICHIWA ZA WARUDO!
[05:11:22] [main/INFO]: Default JVM text encoding is: UTF-8
[05:11:22] [main/INFO]: Reading config file NoChatReports/NCR-Common.json...
[05:11:22] [main/INFO]: Writing config file NoChatReports/NCR-Common.json...
[05:11:22] [main/INFO]: Loading ControlifyServerConfig...
[05:11:22] [main/INFO]: Saving ControlifyServerConfig...
[05:11:22] [main/INFO]: Reach-around policy: true
[05:11:22] [main/INFO]: No-fly drift policy: true
[05:11:22] [main/INFO]: Environment: authHost='https://authserver.mojang.com', accountsHost='https://api.mojang.com', sessionHost='https://sessionserver.mojang.com', servicesHost='https://api.minecraftservices.com', name='PROD'
[05:11:22] [main/INFO]: Bypassed Mojang DFU
[05:11:24] [main/INFO]: Loaded 7 recipes
[05:11:24] [main/INFO]: Loaded 1271 advancements
[05:11:24] [main/INFO]: Mixing server.MixinDedicatedServer from mixins/common/nochatreports.mixins.json into net.minecraft.class_3176
[05:11:24] [main/INFO]: Mixing server.MixinPlayerList from mixins/common/nochatreports.mixins.json into net.minecraft.class_3324
[05:11:24] [main/INFO]: Applied 0 biome modifications to 0 of 64 new biomes in 1.833 ms
[05:11:24] [Server thread/INFO]: Starting minecraft server version 1.20.1
[05:11:24] [Server thread/INFO]: Loading properties
[05:11:24] [Server thread/INFO]: Default game type: SURVIVAL
[05:11:24] [Server thread/INFO]: Generating keypair
[05:11:24] [Server thread/INFO]: Starting Minecraft server on *:25565
[05:11:24] [Thread-2/INFO]: req: https://broker.e4mc.link/getBestRelay GET
[05:11:24] [Server thread/INFO]: Using epoll channel type
[05:11:24] [Server thread/INFO]: Using epoll channel type
[05:11:24] [Server thread/WARN]: **** SERVER IS RUNNING IN OFFLINE/INSECURE MODE!
[05:11:24] [Server thread/WARN]: The server will make no attempt to authenticate usernames. Beware.
[05:11:24] [Server thread/WARN]: While this makes the game possible to play without internet access, it also opens up the ability for hackers to connect with any username they choose.
[05:11:24] [Server thread/WARN]: To change this, set "online-mode" to "true" in the server.properties file.
[05:11:24] [Server thread/INFO]: Preparing level "world"
[05:11:25] [Server thread/INFO]: Preparing start region for dimension minecraft:overworld
[05:11:25] [Server thread/WARN]: Method overwrite conflict for removeIf in modernfix-common.mixins.json:bugfix.paper_chunk_patches.SortedArraySetMixin from mod modernfix, previously written by me.jellysquid.mods.lithium.mixin.world.chunk_tickets.SortedArraySetMixin. Skipping method.
[05:11:27] [Server thread/INFO]: Preparing spawn area: 0%
[05:11:27] [Server thread/INFO]: Preparing spawn area: 0%
[05:11:27] [Server thread/INFO]: Preparing spawn area: 0%
[05:11:27] [Server thread/INFO]: Preparing spawn area: 0%
[05:11:27] [Thread-2/INFO]: resp: (GET https://broker.e4mc.link/getBestRelay) 200
[05:11:27] [Thread-2/INFO]: using relay na
[05:11:27] [Server thread/INFO]: Time elapsed: 2282 ms
[05:11:27] [Server thread/INFO]: Done (2.868s)! For help, type "help"
[05:11:27] [Server thread/WARN]: Dedicated server took 12.55 seconds to load
[05:11:27] [Server thread/INFO]: Mixing common.MixinServerStatus from mixins/common/nochatreports.mixins.json into net.minecraft.class_2926
[05:11:28] [nioEventLoopGroup-2-1/INFO]: control channel open: [id: 0x99edb822, QuicStreamAddress{streamId=0}]
[05:11:28] [nioEventLoopGroup-2-1/INFO]: control channel write complete
[05:11:28] [nioEventLoopGroup-2-1/WARN]: e4mc running on Dedicated Server; This works, but isn't recommended as e4mc is designed for short-lived LAN servers
[05:11:28] [nioEventLoopGroup-2-1/INFO]: Domain assigned: sick-situate.na.e4mc.link
[05:11:40] [Netty Epoll Server IO #2/INFO]: Mixing server.MixinServerboundChatCommandPacket from mixins/common/nochatreports.mixins.json into net.minecraft.class_7472
[05:11:40] [Netty Epoll Server IO #2/INFO]: Mixing server.MixinServerboundChatPacket from mixins/common/nochatreports.mixins.json into net.minecraft.class_2797
[05:11:40] [Netty Epoll Server IO #2/INFO]: Mixing server.MixinServerboundChatSessionUpdatePacket from mixins/common/nochatreports.mixins.json into net.minecraft.class_7861
[05:11:40] [Server thread/INFO]: Steve[/127.252.216.104:43387] logged in with entity id 144 at (-249.5, 63.0, -5.5)
[05:11:40] [Server thread/INFO]: Steve joined the game
[05:11:44] [Server thread/INFO]: Steve lost connection: You logged in from another location
[05:11:44] [Server thread/INFO]: Steve left the game
[05:11:44] [Server thread/INFO]: Steve[/127.252.216.104:35361] logged in with entity id 279 at (-249.5, 63.0, -5.5)
[05:11:44] [Server thread/INFO]: Steve joined the game
[05:11:51] [Server thread/INFO]: Steve lost connection: You logged in from another location
[05:11:51] [Server thread/INFO]: Steve left the game
[05:11:51] [Server thread/WARN]: handleDisconnection() called twice
[05:11:51] [Server thread/INFO]: Steve[/127.252.216.104:52481] logged in with entity id 305 at (-249.5, 63.0, -5.5)
[05:11:51] [Server thread/INFO]: Steve joined the game
[05:12:02] [Server thread/INFO]: Steve lost connection: You logged in from another location
[05:12:02] [Server thread/INFO]: Steve left the game
[05:12:02] [Server thread/INFO]: Steve[/127.252.216.104:45245] logged in with entity id 386 at (-272.01828210053435, 64.02442408821369, -4.295884404175133)
[05:12:02] [Server thread/INFO]: Steve joined the game
[05:14:37] [Server thread/INFO]: Steve lost connection: You logged in from another location
[05:14:37] [Server thread/INFO]: Steve left the game
[05:14:37] [Server thread/INFO]: Steve[/127.252.216.104:40771] logged in with entity id 700 at (-272.01828210053435, 63.0, -4.295884404175133)
[05:14:37] [Server thread/INFO]: Steve joined the game
[05:14:43] [Server thread/INFO]: Steve lost connection: You logged in from another location
[05:14:43] [Server thread/INFO]: Steve left the game
[05:14:43] [Server thread/INFO]: Steve[/127.252.216.104:34387] logged in with entity id 715 at (-271.1349904124055, 63.0, -4.887917812304702)
[05:14:43] [Server thread/INFO]: Steve joined the game
[05:14:51] [Server thread/INFO]: Steve lost connection: You logged in from another location
[05:14:51] [Server thread/INFO]: Steve left the game
[05:14:51] [Server thread/INFO]: Steve[/127.252.216.104:46109] logged in with entity id 738 at (-274.8226718668967, 63.7531999805212, -3.339282602431122)
[05:14:51] [Server thread/INFO]: Steve joined the game
[05:14:59] [Server thread/INFO]: Steve lost connection: You logged in from another location
[05:14:59] [Server thread/INFO]: Steve left the game
[05:14:59] [Server thread/INFO]: Steve[/127.252.216.104:52433] logged in with entity id 755 at (-275.889710923032, 63.0, -4.635225816522168)
[05:14:59] [Server thread/INFO]: Steve joined the game
[05:15:17] [Server thread/INFO]: Steve lost connection: You logged in from another location
[05:15:17] [Server thread/INFO]: Steve left the game
[05:15:17] [Server thread/INFO]: Steve[/127.252.216.104:42265] logged in with entity id 792 at (-275.889710923032, 63.0, -4.635225816522168)
[05:15:17] [Server thread/INFO]: Steve joined the game
[05:15:38] [Server thread/INFO]: Steve lost connection: You logged in from another location
[05:15:38] [Server thread/INFO]: Steve left the game
[05:15:38] [Server thread/INFO]: Steve[/127.252.216.104:40029] logged in with entity id 902 at (-279.12865991714085, 63.796735600668704, 1.4600321010545527)
[05:15:38] [Server thread/INFO]: Steve joined the game
[05:16:26] [Server thread/INFO]: Steve lost connection: You logged in from another location
[05:16:26] [Server thread/INFO]: Steve left the game
[05:16:26] [Server thread/INFO]: Steve[/127.252.216.104:35867] logged in with entity id 1013 at (-278.31915681215634, 63.0, -13.272306151069117)
[05:16:26] [Server thread/INFO]: Steve joined the game
[05:17:05] [Server thread/INFO]: Steve has made the advancement [Acquire Hardware]
[05:17:26] [Server thread/INFO]: Steve lost connection: You logged in from another location
[05:17:26] [Server thread/INFO]: Steve left the game
[05:17:26] [Server thread/INFO]: Steve[/127.252.216.104:32987] logged in with entity id 1416 at (-234.7758539390463, 66.5, 82.50763254766505)
[05:17:26] [Server thread/INFO]: Steve joined the game
[05:17:26] [Server thread/INFO]: Steve has made the advancement [Acquire Hardware]
[05:19:57] [Server thread/INFO]: Steve was slain by Polar Bear
[05:20:22] [Server thread/INFO]: Steve has made the advancement [Acquire Hardware]
[05:21:01] [Server thread/INFO]: Steve lost connection: Disconnected
[05:21:01] [Server thread/INFO]: Steve left the game
