[06:24:18] [main/INFO] ========================================
[06:24:18] [main/INFO] Minecraft: 1.20.1
[06:24:18] [main/INFO] Side: server
[06:24:18] [main/INFO] Development: false
[06:24:18] [main/INFO] Version: 12.1.785
[06:24:18] [main/INFO] Loader:
[06:24:18] [main/INFO] - Fabric: 0.16.3
[06:24:18] [main/INFO] - Fabric API: 0.90.0+1.20.1
[06:24:18] [main/INFO] Dependencies:
[06:24:18] [main/INFO] - Cloth Config: 11.1.106
[06:24:18] [main/INFO] - Architectury: 9.2.14
[06:24:18] [main/INFO] Mixin: 0.8.7
[06:24:18] [main/INFO] OS: Linux 6.5.0-1025-azure (amd64)
[06:24:18] [main/INFO] Java: 17.0.14 (Ubuntu)
[06:24:18] [main/INFO] ========================================
[06:24:18] [main/INFO] Mods:
[06:24:18] [main/INFO] - architectury: 9.2.14
[06:24:18] [main/INFO] - cloth-basic-math: 0.6.1
[06:24:18] [main/INFO] - cloth-config: 11.1.106
[06:24:18] [main/INFO] - cloth-config: 11.1.106
[06:24:18] [main/INFO] - collective: 7.94
[06:24:18] [main/INFO] - com_twelvemonkeys_common_common-image: 3.10.0-SNAPSHOT
[06:24:18] [main/INFO] - com_twelvemonkeys_common_common-io: 3.10.0-SNAPSHOT
[06:24:18] [main/INFO] - com_twelvemonkeys_common_common-lang: 3.10.0-SNAPSHOT
[06:24:18] [main/INFO] - com_twelvemonkeys_imageio_imageio-core: 3.10.0-SNAPSHOT
[06:24:18] [main/INFO] - com_twelvemonkeys_imageio_imageio-metadata: 3.10.0-SNAPSHOT
[06:24:18] [main/INFO] - com_twelvemonkeys_imageio_imageio-webp: 3.10.0-SNAPSHOT
[06:24:18] [main/INFO] - controlify: 1.6.0+1.20
[06:24:18] [main/INFO] - debugify: 1.20.1+2.0
[06:24:18] [main/INFO] - dev_isxander_sdl2-jni: 2.28.2-26
[06:24:18] [main/INFO] - e4mc_minecraft: 4.0.1
[06:24:18] [main/INFO] - error_notifier: 1.0.9
[06:24:18] [main/INFO] - fabric-api: 0.90.0+1.20.1
[06:24:18] [main/INFO] - fabric-api: 0.90.0+1.20.1
[06:24:18] [main/INFO] - fabric-api-base: 0.4.30+7abfd51577
[06:24:18] [main/INFO] - fabric-api-lookup-api-v1: 1.6.35+4d8536c977
[06:24:18] [main/INFO] - fabric-biome-api-v1: 13.0.12+215bbe9677
[06:24:18] [main/INFO] - fabric-block-api-v1: 1.0.10+92a0d36777
[06:24:18] [main/INFO] - fabric-block-view-api-v2: 1.0.0+92a0d36777
[06:24:18] [main/INFO] - fabric-command-api-v1: 1.2.33+f71b366f77
[06:24:18] [main/INFO] - fabric-command-api-v2: 2.2.12+b3afc78b77
[06:24:18] [main/INFO] - fabric-commands-v0: 0.2.50+df3654b377
[06:24:18] [main/INFO] - fabric-containers-v0: 0.1.63+df3654b377
[06:24:18] [main/INFO] - fabric-content-registries-v0: 4.0.10+57aed33f77
[06:24:18] [main/INFO] - fabric-convention-tags-v1: 1.5.4+a1a980da77
[06:24:18] [main/INFO] - fabric-crash-report-info-v1: 0.2.18+aeb40ebe77
[06:24:18] [main/INFO] - fabric-data-generation-api-v1: 12.3.2+d7b148e077
[06:24:18] [main/INFO] - fabric-dimensions-v1: 2.1.53+8536527b77
[06:24:18] [main/INFO] - fabric-entity-events-v1: 1.5.22+b3afc78b77
[06:24:18] [main/INFO] - fabric-events-interaction-v0: 0.6.1+e91849a877
[06:24:18] [main/INFO] - fabric-events-lifecycle-v0: 0.2.62+df3654b377
[06:24:18] [main/INFO] - fabric-game-rule-api-v1: 1.0.38+b04edc7a77
[06:24:18] [main/INFO] - fabric-item-api-v1: 2.1.27+b3afc78b77
[06:24:18] [main/INFO] - fabric-item-group-api-v1: 4.0.11+d7b148e077
[06:24:18] [main/INFO] - fabric-language-kotlin: 1.10.10+kotlin.1.9.10
[06:24:18] [main/INFO] - fabric-lifecycle-events-v1: 2.2.21+b3afc78b77
[06:24:18] [main/INFO] - fabric-loot-api-v2: 1.2.0+96dfa95977
[06:24:18] [main/INFO] - fabric-loot-tables-v1: 1.1.44+9e7660c677
[06:24:18] [main/INFO] - fabric-message-api-v1: 5.1.8+d7b148e077
[06:24:18] [main/INFO] - fabric-mining-level-api-v1: 2.1.49+b3afc78b77
[06:24:18] [main/INFO] - fabric-networking-api-v1: 1.3.10+eeb8eb3677
[06:24:18] [main/INFO] - fabric-networking-v0: 0.3.50+df3654b377
[06:24:18] [main/INFO] - fabric-object-builder-api-v1: 11.1.1+6beca84877
[06:24:18] [main/INFO] - fabric-particles-v1: 1.1.1+201a23a077
[06:24:18] [main/INFO] - fabric-recipe-api-v1: 1.0.20+b3afc78b77
[06:24:18] [main/INFO] - fabric-registry-sync-v0: 2.3.2+4df89eb277
[06:24:18] [main/INFO] - fabric-rendering-data-attachment-v1: 0.3.36+92a0d36777
[06:24:18] [main/INFO] - fabric-rendering-fluids-v1: 3.0.27+b3afc78b77
[06:24:18] [main/INFO] - fabric-resource-conditions-api-v1: 2.3.6+d7b148e077
[06:24:18] [main/INFO] - fabric-resource-loader-v0: 0.11.9+132c48c177
[06:24:18] [main/INFO] - fabric-screen-handler-api-v1: 1.3.29+b3afc78b77
[06:24:18] [main/INFO] - fabric-transfer-api-v1: 3.3.1+195226a777
[06:24:18] [main/INFO] - fabric-transitive-access-wideners-v1: 4.3.0+6c31357e77
[06:24:18] [main/INFO] - fabricloader: 0.16.3
[06:24:18] [main/INFO] - ferritecore: 6.0.0
[06:24:18] [main/INFO] - java: 17
[06:24:18] [main/INFO] - lithium: 0.11.2
[06:24:18] [main/INFO] - memoryleakfix: 1.1.2
[06:24:18] [main/INFO] - minecraft: 1.20.1
[06:24:18] [main/INFO] - mixinextras: 0.4.1
[06:24:18] [main/INFO] - mixintrace: 1.1.1+1.17
[06:24:18] [main/INFO] - modernfix: 5.8.1+mc1.20.1
[06:24:18] [main/INFO] - nochatreports: 1.20.1-v2.2.2
[06:24:18] [main/INFO] - org_hid4java_hid4java: 0.7.0
[06:24:18] [main/INFO] - org_jetbrains_kotlin_kotlin-reflect: 1.9.10
[06:24:18] [main/INFO] - org_jetbrains_kotlin_kotlin-stdlib: 1.9.10
[06:24:18] [main/INFO] - org_jetbrains_kotlin_kotlin-stdlib-jdk7: 1.9.10
[06:24:18] [main/INFO] - org_jetbrains_kotlin_kotlin-stdlib-jdk8: 1.9.10
[06:24:18] [main/INFO] - org_jetbrains_kotlinx_atomicfu-jvm: 0.22.0
[06:24:18] [main/INFO] - org_jetbrains_kotlinx_kotlinx-coroutines-core-jvm: 1.7.3
[06:24:18] [main/INFO] - org_jetbrains_kotlinx_kotlinx-coroutines-jdk8: 1.7.3
[06:24:18] [main/INFO] - org_jetbrains_kotlinx_kotlinx-datetime-jvm: 0.4.0
[06:24:18] [main/INFO] - org_jetbrains_kotlinx_kotlinx-serialization-cbor-jvm: 1.6.0
[06:24:18] [main/INFO] - org_jetbrains_kotlinx_kotlinx-serialization-core-jvm: 1.6.0
[06:24:18] [main/INFO] - org_jetbrains_kotlinx_kotlinx-serialization-json-jvm: 1.6.0
[06:24:18] [main/INFO] - org_quiltmc_parsers_gson: 0.2.1
[06:24:18] [main/INFO] - org_quiltmc_parsers_json: 0.2.1
[06:24:18] [main/INFO] - org_quiltmc_quilt-json5: 1.0.3
[06:24:18] [main/INFO] - roughlyenoughitems: 12.1.785
[06:24:18] [main/INFO] - treeharvester: 9.1
[06:24:18] [main/INFO] - yet_another_config_lib_v3: 3.2.1+1.20
[06:24:18] [main/INFO] - yosbr: 0.1.2
[06:24:18] [main/INFO] ========================================
[06:24:18] [main/INFO] [REI] Registered plugin provider DefaultPlugin [roughlyenoughitems] for REIPlugin
[06:24:18] [main/INFO] [REI] Registered plugin provider DefaultRuntimePlugin [roughlyenoughitems] for REIPlugin
[06:24:18] [main/INFO] [REI] Registered plugin provider DefaultPlugin [roughlyenoughitems] for REIServerPlugin
[06:24:18] [main/INFO] [REI] Registered plugin provider DefaultRuntimePlugin [roughlyenoughitems] for REIServerPlugin
[06:24:18] [main/INFO] [REI] Registered plugin provider FabricFluidAPISupportPlugin for REIServerPlugin
[06:24:18] [main/INFO] [REI] Registered plugin provider FabricFluidAPISupportPlugin for REIPlugin
[06:24:20] [Worker-Main-2/DEBUG] [REI] Processed 7 tags in 546.7 μs for minecraft:banner_pattern
[06:24:20] [Worker-Main-1/DEBUG] [REI] Processed 16 tags in 146.3 μs for minecraft:entity_type
[06:24:20] [Worker-Main-3/DEBUG] [REI] Processed 0 tags in 19.44 μs for minecraft:damage_type
[06:24:20] [Worker-Main-3/DEBUG] [REI] Processed 4 tags in 39.20 μs for minecraft:fluid
[06:24:20] [Worker-Main-3/DEBUG] [REI] Processed 3 tags in 23.86 μs for minecraft:instrument
[06:24:20] [Worker-Main-1/DEBUG] [REI] Processed 3 tags in 27.52 μs for minecraft:point_of_interest_type
[06:24:20] [Worker-Main-1/DEBUG] [REI] Processed 1 tags in 28.82 μs for minecraft:painting_variant
[06:24:20] [Worker-Main-1/DEBUG] [REI] Processed 5 tags in 106.2 μs for minecraft:game_event
[06:24:20] [Worker-Main-1/DEBUG] [REI] Processed 0 tags in 10.95 μs for minecraft:worldgen/structure
[06:24:20] [Worker-Main-1/DEBUG] [REI] Processed 0 tags in 5.039 μs for minecraft:worldgen/world_preset
[06:24:20] [Worker-Main-1/DEBUG] [REI] Processed 0 tags in 4.378 μs for minecraft:worldgen/flat_level_generator_preset
[06:24:20] [Worker-Main-1/DEBUG] [REI] Processed 5 tags in 38.20 μs for minecraft:enchantment
[06:24:20] [Worker-Main-1/DEBUG] [REI] Processed 2 tags in 23.95 μs for minecraft:cat_variant
[06:24:20] [Worker-Main-2/DEBUG] [REI] Processed 174 tags in 1.292 ms for minecraft:item
[06:24:20] [Worker-Main-1/DEBUG] [REI] Processed 0 tags in 62.69 μs for minecraft:worldgen/biome
[06:24:20] [Worker-Main-3/DEBUG] [REI] Processed 191 tags in 3.941 ms for minecraft:block
[06:24:20] [main/DEBUG] [REI] Starting Reload Plugins of stage null
java.lang.Throwable
	at me.shedaniel.rei.impl.common.plugins.ReloadManagerImpl.reloadPlugins(ReloadManagerImpl.java:110)
	at me.shedaniel.rei.RoughlyEnoughItemsCore.lambda$onInitialize$5(RoughlyEnoughItemsCore.java:163)
	at java.base/java.util.concurrent.CompletableFuture$UniRun.tryFire(CompletableFuture.java:787)
	at java.base/java.util.concurrent.CompletableFuture$Completion.run(CompletableFuture.java:482)
	at net.minecraft.class_4014.method_18365(class_4014.java:69)
	at net.minecraft.class_156.method_43498(class_156.java:950)
	at net.minecraft.class_156.method_43499(class_156.java:938)
	at net.minecraft.server.Main.main(Main.java:160)
	at net.fabricmc.loader.impl.game.minecraft.MinecraftGameProvider.launch(MinecraftGameProvider.java:480)
	at net.fabricmc.loader.impl.launch.knot.Knot.launch(Knot.java:74)
	at net.fabricmc.loader.impl.launch.knot.KnotServer.main(KnotServer.java:23)
	at net.fabricmc.loader.impl.launch.server.FabricServerLauncher.main(FabricServerLauncher.java:69)
	at net.fabricmc.installer.ServerLauncher.main(ServerLauncher.java:69)
[06:24:20] [main/DEBUG] [REI] ========================================
[06:24:20] [main/DEBUG] [REI] REIPlugin starting pre-reload for START.
[06:24:20] [main/DEBUG] [REI] Reloadables (7):
[06:24:20] [main/DEBUG] [REI]  - EntryTypeRegistryImpl
[06:24:20] [main/DEBUG] [REI]  - EntrySettingsAdapterRegistryImpl
[06:24:20] [main/DEBUG] [REI]  - RecipeManagerContextImpl
[06:24:20] [main/DEBUG] [REI]  - ItemComparatorRegistryImpl
[06:24:20] [main/DEBUG] [REI]  - FluidComparatorRegistryImpl
[06:24:20] [main/DEBUG] [REI]  - DisplaySerializerRegistryImpl
[06:24:20] [main/DEBUG] [REI]  - FluidSupportProviderImpl
[06:24:20] [main/DEBUG] [REI] Plugins (3):
[06:24:20] [main/DEBUG] [REI]  - (-100.00) DefaultPlugin of DefaultPlugin [roughlyenoughitems]
[06:24:20] [main/DEBUG] [REI]  - (0.00) FabricFluidAPISupportPlugin
[06:24:20] [main/DEBUG] [REI]  - (0.00) DefaultRuntimePlugin of DefaultRuntimePlugin [roughlyenoughitems]
[06:24:20] [main/DEBUG] [REI] ========================================
[06:24:20] [main/TRACE] [REI] [REIPlugin START] Reloading Section: "pre-register/"
[06:24:20] [main/TRACE] [REI] [REIPlugin START] Reloading Section: "pre-register/DefaultPlugin of DefaultPlugin [roughlyenoughitems]/"
[06:24:20] [main/TRACE] [REI] [REIPlugin START] Reloading Section: "pre-register/DefaultPlugin of DefaultPlugin [roughlyenoughitems]/" done in 1.885 ms
[06:24:20] [main/TRACE] [REI] [REIPlugin START] Reloading Section: "pre-register/FabricFluidAPISupportPlugin/"
[06:24:20] [main/TRACE] [REI] [REIPlugin START] Reloading Section: "pre-register/FabricFluidAPISupportPlugin/" done in 138.7 μs
[06:24:20] [main/TRACE] [REI] [REIPlugin START] Reloading Section: "pre-register/DefaultRuntimePlugin of DefaultRuntimePlugin [roughlyenoughitems]/"
[06:24:20] [main/TRACE] [REI] [REIPlugin START] Reloading Section: "pre-register/DefaultRuntimePlugin of DefaultRuntimePlugin [roughlyenoughitems]/" done in 593.6 μs
[06:24:20] [main/TRACE] [REI] [REIPlugin START] Reloading Section: "pre-register/" done in 14.68 ms
[06:24:20] [main/TRACE] [REI] [REIPlugin START] Reloading Section: "pre-stage/"
[06:24:20] [main/TRACE] [REI] [REIPlugin START] Reloading Section: "pre-stage/EntryTypeRegistryImpl/"
[06:24:20] [main/TRACE] [REI] [REIPlugin START] Reloading Section: "pre-stage/EntryTypeRegistryImpl/" done in 336.1 μs
[06:24:20] [main/TRACE] [REI] [REIPlugin START] Reloading Section: "pre-stage/EntrySettingsAdapterRegistryImpl/"
[06:24:20] [main/TRACE] [REI] [REIPlugin START] Reloading Section: "pre-stage/EntrySettingsAdapterRegistryImpl/" done in 132.2 μs
[06:24:20] [main/TRACE] [REI] [REIPlugin START] Reloading Section: "pre-stage/RecipeManagerContextImpl/"
[06:24:20] [main/TRACE] [REI] [REIPlugin START] Reloading Section: "pre-stage/RecipeManagerContextImpl/" done in 133.7 μs
[06:24:20] [main/TRACE] [REI] [REIPlugin START] Reloading Section: "pre-stage/ItemComparatorRegistryImpl/"
[06:24:20] [main/TRACE] [REI] [REIPlugin START] Reloading Section: "pre-stage/ItemComparatorRegistryImpl/" done in 122.7 μs
[06:24:20] [main/TRACE] [REI] [REIPlugin START] Reloading Section: "pre-stage/FluidComparatorRegistryImpl/"
[06:24:20] [main/TRACE] [REI] [REIPlugin START] Reloading Section: "pre-stage/FluidComparatorRegistryImpl/" done in 120.5 μs
[06:24:20] [main/TRACE] [REI] [REIPlugin START] Reloading Section: "pre-stage/DisplaySerializerRegistryImpl/"
[06:24:20] [main/TRACE] [REI] [REIPlugin START] Reloading Section: "pre-stage/DisplaySerializerRegistryImpl/" done in 118.5 μs
[06:24:20] [main/TRACE] [REI] [REIPlugin START] Reloading Section: "pre-stage/FluidSupportProviderImpl/"
[06:24:20] [main/TRACE] [REI] [REIPlugin START] Reloading Section: "pre-stage/FluidSupportProviderImpl/" done in 114.9 μs
[06:24:20] [main/TRACE] [REI] [REIPlugin START] Reloading Section: "pre-stage/" done in 3.677 ms
[06:24:20] [main/DEBUG] [REI] ========================================
[06:24:20] [main/DEBUG] [REI] REIPlugin finished pre-reload for START in 19.07 ms.
[06:24:20] [main/DEBUG] [REI] ========================================
[06:24:20] [main/DEBUG] [REI] ========================================
[06:24:20] [main/DEBUG] [REI] REIServerPlugin starting pre-reload for START.
[06:24:20] [main/DEBUG] [REI] Reloadables (2):
[06:24:20] [main/DEBUG] [REI]  - MenuInfoRegistryImpl
[06:24:20] [main/DEBUG] [REI]  - SlotAccessorRegistryImpl
[06:24:20] [main/DEBUG] [REI] Plugins (3):
[06:24:20] [main/DEBUG] [REI]  - (-100.00) DefaultPlugin of DefaultPlugin [roughlyenoughitems]
[06:24:20] [main/DEBUG] [REI]  - (0.00) FabricFluidAPISupportPlugin
[06:24:20] [main/DEBUG] [REI]  - (0.00) DefaultRuntimePlugin of DefaultRuntimePlugin [roughlyenoughitems]
[06:24:20] [main/DEBUG] [REI] ========================================
[06:24:20] [main/TRACE] [REI] [REIServerPlugin START] Reloading Section: "pre-register/"
[06:24:20] [main/TRACE] [REI] [REIServerPlugin START] Reloading Section: "pre-register/DefaultPlugin of DefaultPlugin [roughlyenoughitems]/"
[06:24:20] [main/TRACE] [REI] [REIServerPlugin START] Reloading Section: "pre-register/DefaultPlugin of DefaultPlugin [roughlyenoughitems]/" done in 152.2 μs
[06:24:20] [main/TRACE] [REI] [REIServerPlugin START] Reloading Section: "pre-register/FabricFluidAPISupportPlugin/"
[06:24:20] [main/TRACE] [REI] [REIServerPlugin START] Reloading Section: "pre-register/FabricFluidAPISupportPlugin/" done in 120.5 μs
[06:24:20] [main/TRACE] [REI] [REIServerPlugin START] Reloading Section: "pre-register/DefaultRuntimePlugin of DefaultRuntimePlugin [roughlyenoughitems]/"
[06:24:20] [main/TRACE] [REI] [REIServerPlugin START] Reloading Section: "pre-register/DefaultRuntimePlugin of DefaultRuntimePlugin [roughlyenoughitems]/" done in 124.8 μs
[06:24:20] [main/TRACE] [REI] [REIServerPlugin START] Reloading Section: "pre-register/" done in 1.641 ms
[06:24:20] [main/TRACE] [REI] [REIServerPlugin START] Reloading Section: "pre-stage/"
[06:24:20] [main/TRACE] [REI] [REIServerPlugin START] Reloading Section: "pre-stage/MenuInfoRegistryImpl/"
[06:24:20] [main/TRACE] [REI] [REIServerPlugin START] Reloading Section: "pre-stage/MenuInfoRegistryImpl/" done in 121.8 μs
[06:24:20] [main/TRACE] [REI] [REIServerPlugin START] Reloading Section: "pre-stage/SlotAccessorRegistryImpl/"
[06:24:20] [main/TRACE] [REI] [REIServerPlugin START] Reloading Section: "pre-stage/SlotAccessorRegistryImpl/" done in 130.4 μs
[06:24:20] [main/TRACE] [REI] [REIServerPlugin START] Reloading Section: "pre-stage/" done in 830.8 μs
[06:24:20] [main/DEBUG] [REI] ========================================
[06:24:20] [main/DEBUG] [REI] REIServerPlugin finished pre-reload for START in 2.859 ms.
[06:24:20] [main/DEBUG] [REI] ========================================
[06:24:20] [main/INFO] [REI] @@@@@@@@@@@@@@@@@@@@@@@@@@@@@@@@@@@@@@@@
[06:24:20] [main/INFO] [REI] REIPlugin starting main-reload for START.
[06:24:20] [main/DEBUG] [REI] Reloadables (7):
[06:24:20] [main/DEBUG] [REI]  - EntryTypeRegistryImpl
[06:24:20] [main/DEBUG] [REI]  - EntrySettingsAdapterRegistryImpl
[06:24:20] [main/DEBUG] [REI]  - RecipeManagerContextImpl
[06:24:20] [main/DEBUG] [REI]  - ItemComparatorRegistryImpl
[06:24:20] [main/DEBUG] [REI]  - FluidComparatorRegistryImpl
[06:24:20] [main/DEBUG] [REI]  - DisplaySerializerRegistryImpl
[06:24:20] [main/DEBUG] [REI]  - FluidSupportProviderImpl
[06:24:20] [main/INFO] [REI] Plugins (3):
[06:24:20] [main/INFO] [REI]  - (-100.00) DefaultPlugin of DefaultPlugin [roughlyenoughitems]
[06:24:20] [main/INFO] [REI]  - (0.00) FabricFluidAPISupportPlugin
[06:24:20] [main/INFO] [REI]  - (0.00) DefaultRuntimePlugin of DefaultRuntimePlugin [roughlyenoughitems]
[06:24:20] [main/INFO] [REI] @@@@@@@@@@@@@@@@@@@@@@@@@@@@@@@@@@@@@@@@
[06:24:20] [main/TRACE] [REI] [REIPlugin START] Reloading Section: "start-reload/"
[06:24:20] [main/TRACE] [REI] [REIPlugin START] Reloading Section: "start-reload/EntryTypeRegistryImpl/"
[06:24:20] [main/TRACE] [REI] [REIPlugin START] Reloading Section: "start-reload/EntryTypeRegistryImpl/" done in 179.2 μs
[06:24:20] [main/TRACE] [REI] [REIPlugin START] Reloading Section: "start-reload/EntrySettingsAdapterRegistryImpl/"
[06:24:20] [main/TRACE] [REI] [REIPlugin START] Reloading Section: "start-reload/EntrySettingsAdapterRegistryImpl/" done in 126.1 μs
[06:24:20] [main/TRACE] [REI] [REIPlugin START] Reloading Section: "start-reload/RecipeManagerContextImpl/"
[06:24:20] [main/TRACE] [REI] [REIPlugin START] Reloading Section: "start-reload/RecipeManagerContextImpl/" done in 154.3 μs
[06:24:20] [main/TRACE] [REI] [REIPlugin START] Reloading Section: "start-reload/ItemComparatorRegistryImpl/"
[06:24:20] [main/TRACE] [REI] [REIPlugin START] Reloading Section: "start-reload/ItemComparatorRegistryImpl/" done in 222.8 μs
[06:24:20] [main/TRACE] [REI] [REIPlugin START] Reloading Section: "start-reload/FluidComparatorRegistryImpl/"
[06:24:20] [main/TRACE] [REI] [REIPlugin START] Reloading Section: "start-reload/FluidComparatorRegistryImpl/" done in 157.8 μs
[06:24:20] [main/TRACE] [REI] [REIPlugin START] Reloading Section: "start-reload/DisplaySerializerRegistryImpl/"
[06:24:20] [main/TRACE] [REI] [REIPlugin START] Reloading Section: "start-reload/DisplaySerializerRegistryImpl/" done in 148.2 μs
[06:24:20] [main/TRACE] [REI] [REIPlugin START] Reloading Section: "start-reload/FluidSupportProviderImpl/"
[06:24:20] [main/TRACE] [REI] [REIPlugin START] Reloading Section: "start-reload/FluidSupportProviderImpl/" done in 151.6 μs
[06:24:20] [main/TRACE] [REI] [REIPlugin START] Reloading Section: "start-reload/" done in 3.013 ms
[06:24:20] [main/DEBUG] [REI] ========================================
[06:24:20] [main/DEBUG] [REI] REIPlugin started main-reload for START.
[06:24:20] [main/DEBUG] [REI] ========================================
[06:24:20] [main/TRACE] [REI] [REIPlugin START] Reloading Section: "reloadable-plugin/EntryTypeRegistryImpl/"
[06:24:20] [main/TRACE] [REI] [REIPlugin START] Reloading Section: "reloadable-plugin/EntryTypeRegistryImpl/DefaultPlugin of DefaultPlugin [roughlyenoughitems]/"
[06:24:20] [main/TRACE] [REI] [REIPlugin START] Reloading Section: "reloadable-plugin/EntryTypeRegistryImpl/DefaultPlugin of DefaultPlugin [roughlyenoughitems]/" done in 413.9 μs
[06:24:20] [main/TRACE] [REI] [REIPlugin START] Reloading Section: "reloadable-plugin/EntryTypeRegistryImpl/FabricFluidAPISupportPlugin/"
[06:24:20] [main/TRACE] [REI] [REIPlugin START] Reloading Section: "reloadable-plugin/EntryTypeRegistryImpl/FabricFluidAPISupportPlugin/" done in 289.0 μs
[06:24:20] [main/TRACE] [REI] [REIPlugin START] Reloading Section: "reloadable-plugin/EntryTypeRegistryImpl/DefaultRuntimePlugin of DefaultRuntimePlugin [roughlyenoughitems]/"
[06:24:20] [main/TRACE] [REI] [REIPlugin START] Reloading Section: "reloadable-plugin/EntryTypeRegistryImpl/DefaultRuntimePlugin of DefaultRuntimePlugin [roughlyenoughitems]/" done in 8.094 ms
[06:24:20] [main/TRACE] [REI] [REIPlugin START] Reloading Section: "reloadable-plugin/EntryTypeRegistryImpl/" done in 10.68 ms
[06:24:20] [main/TRACE] [REI] [REIPlugin START] Reloading Section: "reloadable-plugin/EntrySettingsAdapterRegistryImpl/"
[06:24:20] [main/TRACE] [REI] [REIPlugin START] Reloading Section: "reloadable-plugin/EntrySettingsAdapterRegistryImpl/DefaultPlugin of DefaultPlugin [roughlyenoughitems]/"
[06:24:20] [main/TRACE] [REI] [REIPlugin START] Reloading Section: "reloadable-plugin/EntrySettingsAdapterRegistryImpl/DefaultPlugin of DefaultPlugin [roughlyenoughitems]/" done in 196.8 μs
[06:24:20] [main/TRACE] [REI] [REIPlugin START] Reloading Section: "reloadable-plugin/EntrySettingsAdapterRegistryImpl/FabricFluidAPISupportPlugin/"
[06:24:20] [main/TRACE] [REI] [REIPlugin START] Reloading Section: "reloadable-plugin/EntrySettingsAdapterRegistryImpl/FabricFluidAPISupportPlugin/" done in 555.9 μs
[06:24:20] [main/TRACE] [REI] [REIPlugin START] Reloading Section: "reloadable-plugin/EntrySettingsAdapterRegistryImpl/DefaultRuntimePlugin of DefaultRuntimePlugin [roughlyenoughitems]/"
[06:24:20] [main/TRACE] [REI] [REIPlugin START] Reloading Section: "reloadable-plugin/EntrySettingsAdapterRegistryImpl/DefaultRuntimePlugin of DefaultRuntimePlugin [roughlyenoughitems]/" done in 132.4 μs
[06:24:20] [main/TRACE] [REI] [REIPlugin START] Reloading Section: "reloadable-plugin/EntrySettingsAdapterRegistryImpl/" done in 2.149 ms
[06:24:20] [main/TRACE] [REI] [REIPlugin START] Reloading Section: "reloadable-plugin/RecipeManagerContextImpl/"
[06:24:20] [main/TRACE] [REI] [REIPlugin START] Reloading Section: "reloadable-plugin/RecipeManagerContextImpl/DefaultPlugin of DefaultPlugin [roughlyenoughitems]/"
[06:24:20] [main/TRACE] [REI] [REIPlugin START] Reloading Section: "reloadable-plugin/RecipeManagerContextImpl/DefaultPlugin of DefaultPlugin [roughlyenoughitems]/" done in 546.9 μs
[06:24:20] [main/TRACE] [REI] [REIPlugin START] Reloading Section: "reloadable-plugin/RecipeManagerContextImpl/FabricFluidAPISupportPlugin/"
[06:24:20] [main/TRACE] [REI] [REIPlugin START] Reloading Section: "reloadable-plugin/RecipeManagerContextImpl/FabricFluidAPISupportPlugin/" done in 133.5 μs
[06:24:20] [main/TRACE] [REI] [REIPlugin START] Reloading Section: "reloadable-plugin/RecipeManagerContextImpl/DefaultRuntimePlugin of DefaultRuntimePlugin [roughlyenoughitems]/"
[06:24:20] [main/TRACE] [REI] [REIPlugin START] Reloading Section: "reloadable-plugin/RecipeManagerContextImpl/DefaultRuntimePlugin of DefaultRuntimePlugin [roughlyenoughitems]/" done in 140.0 μs
[06:24:20] [main/TRACE] [REI] [REIPlugin START] Reloading Section: "reloadable-plugin/RecipeManagerContextImpl/" done in 2.160 ms
[06:24:20] [main/TRACE] [REI] [REIPlugin START] Reloading Section: "reloadable-plugin/ItemComparatorRegistryImpl/"
[06:24:20] [main/TRACE] [REI] [REIPlugin START] Reloading Section: "reloadable-plugin/ItemComparatorRegistryImpl/DefaultPlugin of DefaultPlugin [roughlyenoughitems]/"
[06:24:20] [main/TRACE] [REI] [REIPlugin START] Reloading Section: "reloadable-plugin/ItemComparatorRegistryImpl/DefaultPlugin of DefaultPlugin [roughlyenoughitems]/" done in 2.132 ms
[06:24:20] [main/TRACE] [REI] [REIPlugin START] Reloading Section: "reloadable-plugin/ItemComparatorRegistryImpl/FabricFluidAPISupportPlugin/"
[06:24:20] [main/TRACE] [REI] [REIPlugin START] Reloading Section: "reloadable-plugin/ItemComparatorRegistryImpl/FabricFluidAPISupportPlugin/" done in 210.4 μs
[06:24:20] [main/TRACE] [REI] [REIPlugin START] Reloading Section: "reloadable-plugin/ItemComparatorRegistryImpl/DefaultRuntimePlugin of DefaultRuntimePlugin [roughlyenoughitems]/"
[06:24:20] [main/TRACE] [REI] [REIPlugin START] Reloading Section: "reloadable-plugin/ItemComparatorRegistryImpl/DefaultRuntimePlugin of DefaultRuntimePlugin [roughlyenoughitems]/" done in 138.3 μs
[06:24:20] [main/TRACE] [REI] [REIPlugin START] Reloading Section: "reloadable-plugin/ItemComparatorRegistryImpl/" done in 5.616 ms
[06:24:20] [main/TRACE] [REI] [REIPlugin START] Reloading Section: "reloadable-plugin/FluidComparatorRegistryImpl/"
[06:24:20] [main/TRACE] [REI] [REIPlugin START] Reloading Section: "reloadable-plugin/FluidComparatorRegistryImpl/DefaultPlugin of DefaultPlugin [roughlyenoughitems]/"
[06:24:20] [main/TRACE] [REI] [REIPlugin START] Reloading Section: "reloadable-plugin/FluidComparatorRegistryImpl/DefaultPlugin of DefaultPlugin [roughlyenoughitems]/" done in 158.8 μs
[06:24:20] [main/TRACE] [REI] [REIPlugin START] Reloading Section: "reloadable-plugin/FluidComparatorRegistryImpl/FabricFluidAPISupportPlugin/"
[06:24:20] [main/TRACE] [REI] [REIPlugin START] Reloading Section: "reloadable-plugin/FluidComparatorRegistryImpl/FabricFluidAPISupportPlugin/" done in 139.8 μs
[06:24:20] [main/TRACE] [REI] [REIPlugin START] Reloading Section: "reloadable-plugin/FluidComparatorRegistryImpl/DefaultRuntimePlugin of DefaultRuntimePlugin [roughlyenoughitems]/"
[06:24:20] [main/TRACE] [REI] [REIPlugin START] Reloading Section: "reloadable-plugin/FluidComparatorRegistryImpl/DefaultRuntimePlugin of DefaultRuntimePlugin [roughlyenoughitems]/" done in 134.4 μs
[06:24:20] [main/TRACE] [REI] [REIPlugin START] Reloading Section: "reloadable-plugin/FluidComparatorRegistryImpl/" done in 1.217 ms
[06:24:20] [main/TRACE] [REI] [REIPlugin START] Reloading Section: "reloadable-plugin/DisplaySerializerRegistryImpl/"
[06:24:20] [main/TRACE] [REI] [REIPlugin START] Reloading Section: "reloadable-plugin/DisplaySerializerRegistryImpl/DefaultPlugin of DefaultPlugin [roughlyenoughitems]/"
[06:24:20] [main/TRACE] [REI] [REIPlugin START] Reloading Section: "reloadable-plugin/DisplaySerializerRegistryImpl/DefaultPlugin of DefaultPlugin [roughlyenoughitems]/" done in 144.1 μs
[06:24:20] [main/TRACE] [REI] [REIPlugin START] Reloading Section: "reloadable-plugin/DisplaySerializerRegistryImpl/FabricFluidAPISupportPlugin/"
[06:24:20] [main/TRACE] [REI] [REIPlugin START] Reloading Section: "reloadable-plugin/DisplaySerializerRegistryImpl/FabricFluidAPISupportPlugin/" done in 138.2 μs
[06:24:20] [main/TRACE] [REI] [REIPlugin START] Reloading Section: "reloadable-plugin/DisplaySerializerRegistryImpl/DefaultRuntimePlugin of DefaultRuntimePlugin [roughlyenoughitems]/"
[06:24:20] [main/TRACE] [REI] [REIPlugin START] Reloading Section: "reloadable-plugin/DisplaySerializerRegistryImpl/DefaultRuntimePlugin of DefaultRuntimePlugin [roughlyenoughitems]/" done in 138.1 μs
[06:24:20] [main/TRACE] [REI] [REIPlugin START] Reloading Section: "reloadable-plugin/DisplaySerializerRegistryImpl/" done in 1.805 ms
[06:24:20] [main/TRACE] [REI] [REIPlugin START] Reloading Section: "reloadable-plugin/FluidSupportProviderImpl/"
[06:24:20] [main/TRACE] [REI] [REIPlugin START] Reloading Section: "reloadable-plugin/FluidSupportProviderImpl/DefaultPlugin of DefaultPlugin [roughlyenoughitems]/"
[06:24:20] [main/TRACE] [REI] [REIPlugin START] Reloading Section: "reloadable-plugin/FluidSupportProviderImpl/DefaultPlugin of DefaultPlugin [roughlyenoughitems]/" done in 619.5 μs
[06:24:20] [main/TRACE] [REI] [REIPlugin START] Reloading Section: "reloadable-plugin/FluidSupportProviderImpl/FabricFluidAPISupportPlugin/"
[06:24:20] [main/TRACE] [REI] [REIPlugin START] Reloading Section: "reloadable-plugin/FluidSupportProviderImpl/FabricFluidAPISupportPlugin/" done in 337.6 μs
[06:24:20] [main/TRACE] [REI] [REIPlugin START] Reloading Section: "reloadable-plugin/FluidSupportProviderImpl/DefaultRuntimePlugin of DefaultRuntimePlugin [roughlyenoughitems]/"
[06:24:20] [main/TRACE] [REI] [REIPlugin START] Reloading Section: "reloadable-plugin/FluidSupportProviderImpl/DefaultRuntimePlugin of DefaultRuntimePlugin [roughlyenoughitems]/" done in 154.6 μs
[06:24:20] [main/TRACE] [REI] [REIPlugin START] Reloading Section: "reloadable-plugin/FluidSupportProviderImpl/" done in 2.282 ms
[06:24:20] [main/DEBUG] [REI] ========================================
[06:24:20] [main/DEBUG] [REI] REIPlugin ending main-reload for START.
[06:24:20] [main/DEBUG] [REI] ========================================
[06:24:20] [main/TRACE] [REI] [REIPlugin START] Reloading Section: "end-reload/"
[06:24:20] [main/TRACE] [REI] [REIPlugin START] Reloading Section: "end-reload/EntryTypeRegistryImpl/"
[06:24:20] [main/TRACE] [REI] [REIPlugin START] Reloading Section: "end-reload/EntryTypeRegistryImpl/" done in 146.2 μs
[06:24:20] [main/TRACE] [REI] [REIPlugin START] Reloading Section: "end-reload/EntrySettingsAdapterRegistryImpl/"
[06:24:20] [main/TRACE] [REI] [REIPlugin START] Reloading Section: "end-reload/EntrySettingsAdapterRegistryImpl/" done in 120.8 μs
[06:24:20] [main/TRACE] [REI] [REIPlugin START] Reloading Section: "end-reload/RecipeManagerContextImpl/"
[06:24:20] [main/TRACE] [REI] [REIPlugin START] Reloading Section: "end-reload/RecipeManagerContextImpl/" done in 117.7 μs
[06:24:20] [main/TRACE] [REI] [REIPlugin START] Reloading Section: "end-reload/ItemComparatorRegistryImpl/"
[06:24:20] [main/TRACE] [REI] [REIPlugin START] Reloading Section: "end-reload/ItemComparatorRegistryImpl/" done in 110.4 μs
[06:24:20] [main/TRACE] [REI] [REIPlugin START] Reloading Section: "end-reload/FluidComparatorRegistryImpl/"
[06:24:20] [main/TRACE] [REI] [REIPlugin START] Reloading Section: "end-reload/FluidComparatorRegistryImpl/" done in 127.1 μs
[06:24:20] [main/TRACE] [REI] [REIPlugin START] Reloading Section: "end-reload/DisplaySerializerRegistryImpl/"
[06:24:20] [main/TRACE] [REI] [REIPlugin START] Reloading Section: "end-reload/DisplaySerializerRegistryImpl/" done in 122.9 μs
[06:24:20] [main/TRACE] [REI] [REIPlugin START] Reloading Section: "end-reload/FluidSupportProviderImpl/"
[06:24:20] [main/TRACE] [REI] [REIPlugin START] Reloading Section: "end-reload/FluidSupportProviderImpl/" done in 314.3 μs
[06:24:20] [main/TRACE] [REI] [REIPlugin START] Reloading Section: "end-reload/" done in 2.842 ms
[06:24:20] [main/DEBUG] [REI] ========================================
[06:24:20] [main/DEBUG] [REI] REIPlugin ended main-reload for START in 39.69 ms.
[06:24:20] [main/DEBUG] [REI] ========================================
[06:24:20] [main/INFO] [REI] ----------------------------------------
[06:24:20] [main/INFO] [REI] REIServerPlugin starting main-reload for START.
[06:24:20] [main/DEBUG] [REI] Reloadables (2):
[06:24:20] [main/DEBUG] [REI]  - MenuInfoRegistryImpl
[06:24:20] [main/DEBUG] [REI]  - SlotAccessorRegistryImpl
[06:24:20] [main/INFO] [REI] Plugins (3):
[06:24:20] [main/INFO] [REI]  - (-100.00) DefaultPlugin of DefaultPlugin [roughlyenoughitems]
[06:24:20] [main/INFO] [REI]  - (0.00) FabricFluidAPISupportPlugin
[06:24:20] [main/INFO] [REI]  - (0.00) DefaultRuntimePlugin of DefaultRuntimePlugin [roughlyenoughitems]
[06:24:20] [main/INFO] [REI] ----------------------------------------
[06:24:20] [main/TRACE] [REI] [REIServerPlugin START] Reloading Section: "start-reload/"
[06:24:20] [main/TRACE] [REI] [REIServerPlugin START] Reloading Section: "start-reload/MenuInfoRegistryImpl/"
[06:24:20] [main/TRACE] [REI] [REIServerPlugin START] Reloading Section: "start-reload/MenuInfoRegistryImpl/" done in 134.6 μs
[06:24:20] [main/TRACE] [REI] [REIServerPlugin START] Reloading Section: "start-reload/SlotAccessorRegistryImpl/"
[06:24:20] [main/TRACE] [REI] [REIServerPlugin START] Reloading Section: "start-reload/SlotAccessorRegistryImpl/" done in 127.6 μs
[06:24:20] [main/TRACE] [REI] [REIServerPlugin START] Reloading Section: "start-reload/" done in 824.0 μs
[06:24:20] [main/DEBUG] [REI] ========================================
[06:24:20] [main/DEBUG] [REI] REIServerPlugin started main-reload for START.
[06:24:20] [main/DEBUG] [REI] ========================================
[06:24:20] [main/TRACE] [REI] [REIServerPlugin START] Reloading Section: "reloadable-plugin/MenuInfoRegistryImpl/"
[06:24:20] [main/TRACE] [REI] [REIServerPlugin START] Reloading Section: "reloadable-plugin/MenuInfoRegistryImpl/DefaultPlugin of DefaultPlugin [roughlyenoughitems]/"
[06:24:20] [main/TRACE] [REI] [REIServerPlugin START] Reloading Section: "reloadable-plugin/MenuInfoRegistryImpl/DefaultPlugin of DefaultPlugin [roughlyenoughitems]/" done in 150.1 μs
[06:24:20] [main/TRACE] [REI] [REIServerPlugin START] Reloading Section: "reloadable-plugin/MenuInfoRegistryImpl/FabricFluidAPISupportPlugin/"
[06:24:20] [main/TRACE] [REI] [REIServerPlugin START] Reloading Section: "reloadable-plugin/MenuInfoRegistryImpl/FabricFluidAPISupportPlugin/" done in 137.5 μs
[06:24:20] [main/TRACE] [REI] [REIServerPlugin START] Reloading Section: "reloadable-plugin/MenuInfoRegistryImpl/DefaultRuntimePlugin of DefaultRuntimePlugin [roughlyenoughitems]/"
[06:24:20] [main/TRACE] [REI] [REIServerPlugin START] Reloading Section: "reloadable-plugin/MenuInfoRegistryImpl/DefaultRuntimePlugin of DefaultRuntimePlugin [roughlyenoughitems]/" done in 128.9 μs
[06:24:20] [main/TRACE] [REI] [REIServerPlugin START] Reloading Section: "reloadable-plugin/MenuInfoRegistryImpl/" done in 3.545 ms
[06:24:20] [main/TRACE] [REI] [REIServerPlugin START] Reloading Section: "reloadable-plugin/SlotAccessorRegistryImpl/"
[06:24:20] [main/TRACE] [REI] [REIServerPlugin START] Reloading Section: "reloadable-plugin/SlotAccessorRegistryImpl/DefaultPlugin of DefaultPlugin [roughlyenoughitems]/"
[06:24:20] [main/TRACE] [REI] [REIServerPlugin START] Reloading Section: "reloadable-plugin/SlotAccessorRegistryImpl/DefaultPlugin of DefaultPlugin [roughlyenoughitems]/" done in 113.6 μs
[06:24:20] [main/TRACE] [REI] [REIServerPlugin START] Reloading Section: "reloadable-plugin/SlotAccessorRegistryImpl/FabricFluidAPISupportPlugin/"
[06:24:20] [main/TRACE] [REI] [REIServerPlugin START] Reloading Section: "reloadable-plugin/SlotAccessorRegistryImpl/FabricFluidAPISupportPlugin/" done in 121.8 μs
[06:24:20] [main/TRACE] [REI] [REIServerPlugin START] Reloading Section: "reloadable-plugin/SlotAccessorRegistryImpl/DefaultRuntimePlugin of DefaultRuntimePlugin [roughlyenoughitems]/"
[06:24:20] [main/TRACE] [REI] [REIServerPlugin START] Reloading Section: "reloadable-plugin/SlotAccessorRegistryImpl/DefaultRuntimePlugin of DefaultRuntimePlugin [roughlyenoughitems]/" done in 109.7 μs
[06:24:20] [main/TRACE] [REI] [REIServerPlugin START] Reloading Section: "reloadable-plugin/SlotAccessorRegistryImpl/" done in 1.065 ms
[06:24:20] [main/DEBUG] [REI] ========================================
[06:24:20] [main/DEBUG] [REI] REIServerPlugin ending main-reload for START.
[06:24:20] [main/DEBUG] [REI] ========================================
[06:24:20] [main/TRACE] [REI] [REIServerPlugin START] Reloading Section: "end-reload/"
[06:24:20] [main/TRACE] [REI] [REIServerPlugin START] Reloading Section: "end-reload/MenuInfoRegistryImpl/"
[06:24:20] [main/TRACE] [REI] [REIServerPlugin START] Reloading Section: "end-reload/MenuInfoRegistryImpl/" done in 104.7 μs
[06:24:20] [main/TRACE] [REI] [REIServerPlugin START] Reloading Section: "end-reload/SlotAccessorRegistryImpl/"
[06:24:20] [main/TRACE] [REI] [REIServerPlugin START] Reloading Section: "end-reload/SlotAccessorRegistryImpl/" done in 96.45 μs
[06:24:20] [main/TRACE] [REI] [REIServerPlugin START] Reloading Section: "end-reload/" done in 617.9 μs
[06:24:20] [main/DEBUG] [REI] ========================================
[06:24:20] [main/DEBUG] [REI] REIServerPlugin ended main-reload for START in 15.45 ms.
[06:24:20] [main/DEBUG] [REI] ========================================
[06:24:20] [main/DEBUG] [REI] ========================================
[06:24:20] [main/DEBUG] [REI] REIPlugin starting post-reload for START.
[06:24:20] [main/DEBUG] [REI] Reloadables (7):
[06:24:20] [main/DEBUG] [REI]  - EntryTypeRegistryImpl
[06:24:20] [main/DEBUG] [REI]  - EntrySettingsAdapterRegistryImpl
[06:24:20] [main/DEBUG] [REI]  - RecipeManagerContextImpl
[06:24:20] [main/DEBUG] [REI]  - ItemComparatorRegistryImpl
[06:24:20] [main/DEBUG] [REI]  - FluidComparatorRegistryImpl
[06:24:20] [main/DEBUG] [REI]  - DisplaySerializerRegistryImpl
[06:24:20] [main/DEBUG] [REI]  - FluidSupportProviderImpl
[06:24:20] [main/DEBUG] [REI] Plugins (3):
[06:24:20] [main/DEBUG] [REI]  - (-100.00) DefaultPlugin of DefaultPlugin [roughlyenoughitems]
[06:24:20] [main/DEBUG] [REI]  - (0.00) FabricFluidAPISupportPlugin
[06:24:20] [main/DEBUG] [REI]  - (0.00) DefaultRuntimePlugin of DefaultRuntimePlugin [roughlyenoughitems]
[06:24:20] [main/DEBUG] [REI] ========================================
[06:24:20] [main/TRACE] [REI] [REIPlugin START] Reloading Section: "post-register/"
[06:24:20] [main/TRACE] [REI] [REIPlugin START] Reloading Section: "post-register/DefaultPlugin of DefaultPlugin [roughlyenoughitems]/"
[06:24:20] [main/TRACE] [REI] [REIPlugin START] Reloading Section: "post-register/DefaultPlugin of DefaultPlugin [roughlyenoughitems]/" done in 306.6 μs
[06:24:20] [main/TRACE] [REI] [REIPlugin START] Reloading Section: "post-register/FabricFluidAPISupportPlugin/"
[06:24:20] [main/TRACE] [REI] [REIPlugin START] Reloading Section: "post-register/FabricFluidAPISupportPlugin/" done in 110.2 μs
[06:24:20] [main/TRACE] [REI] [REIPlugin START] Reloading Section: "post-register/DefaultRuntimePlugin of DefaultRuntimePlugin [roughlyenoughitems]/"
[06:24:20] [main/TRACE] [REI] [REIPlugin START] Reloading Section: "post-register/DefaultRuntimePlugin of DefaultRuntimePlugin [roughlyenoughitems]/" done in 112.0 μs
[06:24:20] [main/TRACE] [REI] [REIPlugin START] Reloading Section: "post-register/" done in 1.469 ms
[06:24:20] [main/TRACE] [REI] [REIPlugin START] Reloading Section: "post-stage/"
[06:24:20] [main/TRACE] [REI] [REIPlugin START] Reloading Section: "post-stage/EntryTypeRegistryImpl/"
[06:24:20] [main/TRACE] [REI] [REIPlugin START] Reloading Section: "post-stage/EntryTypeRegistryImpl/" done in 113.6 μs
[06:24:20] [main/TRACE] [REI] [REIPlugin START] Reloading Section: "post-stage/EntrySettingsAdapterRegistryImpl/"
[06:24:20] [main/TRACE] [REI] [REIPlugin START] Reloading Section: "post-stage/EntrySettingsAdapterRegistryImpl/" done in 106.5 μs
[06:24:20] [main/TRACE] [REI] [REIPlugin START] Reloading Section: "post-stage/RecipeManagerContextImpl/"
[06:24:20] [main/TRACE] [REI] [REIPlugin START] Reloading Section: "post-stage/RecipeManagerContextImpl/" done in 106.2 μs
[06:24:20] [main/TRACE] [REI] [REIPlugin START] Reloading Section: "post-stage/ItemComparatorRegistryImpl/"
[06:24:20] [main/TRACE] [REI] [REIPlugin START] Reloading Section: "post-stage/ItemComparatorRegistryImpl/" done in 100.3 μs
[06:24:20] [main/TRACE] [REI] [REIPlugin START] Reloading Section: "post-stage/FluidComparatorRegistryImpl/"
[06:24:20] [main/TRACE] [REI] [REIPlugin START] Reloading Section: "post-stage/FluidComparatorRegistryImpl/" done in 102.7 μs
[06:24:20] [main/TRACE] [REI] [REIPlugin START] Reloading Section: "post-stage/DisplaySerializerRegistryImpl/"
[06:24:20] [main/TRACE] [REI] [REIPlugin START] Reloading Section: "post-stage/DisplaySerializerRegistryImpl/" done in 100.8 μs
[06:24:20] [main/TRACE] [REI] [REIPlugin START] Reloading Section: "post-stage/FluidSupportProviderImpl/"
[06:24:20] [main/TRACE] [REI] [REIPlugin START] Reloading Section: "post-stage/FluidSupportProviderImpl/" done in 98.43 μs
[06:24:20] [main/TRACE] [REI] [REIPlugin START] Reloading Section: "post-stage/" done in 2.093 ms
[06:24:20] [main/DEBUG] [REI] ========================================
[06:24:20] [main/INFO] [REI] REIPlugin finished post-reload for START in 3.858 ms, totaling 62.50 ms.
[06:24:20] [main/DEBUG] [REI] ========================================
[06:24:20] [main/DEBUG] [REI] ========================================
[06:24:20] [main/DEBUG] [REI] REIServerPlugin starting post-reload for START.
[06:24:20] [main/DEBUG] [REI] Reloadables (2):
[06:24:20] [main/DEBUG] [REI]  - MenuInfoRegistryImpl
[06:24:20] [main/DEBUG] [REI]  - SlotAccessorRegistryImpl
[06:24:20] [main/DEBUG] [REI] Plugins (3):
[06:24:20] [main/DEBUG] [REI]  - (-100.00) DefaultPlugin of DefaultPlugin [roughlyenoughitems]
[06:24:20] [main/DEBUG] [REI]  - (0.00) FabricFluidAPISupportPlugin
[06:24:20] [main/DEBUG] [REI]  - (0.00) DefaultRuntimePlugin of DefaultRuntimePlugin [roughlyenoughitems]
[06:24:20] [main/DEBUG] [REI] ========================================
[06:24:20] [main/TRACE] [REI] [REIServerPlugin START] Reloading Section: "post-register/"
[06:24:20] [main/TRACE] [REI] [REIServerPlugin START] Reloading Section: "post-register/DefaultPlugin of DefaultPlugin [roughlyenoughitems]/"
[06:24:20] [main/TRACE] [REI] [REIServerPlugin START] Reloading Section: "post-register/DefaultPlugin of DefaultPlugin [roughlyenoughitems]/" done in 96.95 μs
[06:24:20] [main/TRACE] [REI] [REIServerPlugin START] Reloading Section: "post-register/FabricFluidAPISupportPlugin/"
[06:24:20] [main/TRACE] [REI] [REIServerPlugin START] Reloading Section: "post-register/FabricFluidAPISupportPlugin/" done in 91.83 μs
[06:24:20] [main/TRACE] [REI] [REIServerPlugin START] Reloading Section: "post-register/DefaultRuntimePlugin of DefaultRuntimePlugin [roughlyenoughitems]/"
[06:24:20] [main/TRACE] [REI] [REIServerPlugin START] Reloading Section: "post-register/DefaultRuntimePlugin of DefaultRuntimePlugin [roughlyenoughitems]/" done in 92.90 μs
[06:24:20] [main/TRACE] [REI] [REIServerPlugin START] Reloading Section: "post-register/" done in 850.6 μs
[06:24:20] [main/TRACE] [REI] [REIServerPlugin START] Reloading Section: "post-stage/"
[06:24:20] [main/TRACE] [REI] [REIServerPlugin START] Reloading Section: "post-stage/MenuInfoRegistryImpl/"
[06:24:20] [main/TRACE] [REI] [REIServerPlugin START] Reloading Section: "post-stage/MenuInfoRegistryImpl/" done in 89.48 μs
[06:24:20] [main/TRACE] [REI] [REIServerPlugin START] Reloading Section: "post-stage/SlotAccessorRegistryImpl/"
[06:24:20] [main/TRACE] [REI] [REIServerPlugin START] Reloading Section: "post-stage/SlotAccessorRegistryImpl/" done in 92.01 μs
[06:24:20] [main/TRACE] [REI] [REIServerPlugin START] Reloading Section: "post-stage/" done in 556.5 μs
[06:24:20] [main/DEBUG] [REI] ========================================
[06:24:20] [main/INFO] [REI] REIServerPlugin finished post-reload for START in 1.679 ms, totaling 19.91 ms.
[06:24:20] [main/DEBUG] [REI] ========================================
[06:24:20] [main/DEBUG] [REI] ========================================
[06:24:20] [main/DEBUG] [REI] REIPlugin starting pre-reload for END.
[06:24:20] [main/DEBUG] [REI] Reloadables (7):
[06:24:20] [main/DEBUG] [REI]  - EntryTypeRegistryImpl
[06:24:20] [main/DEBUG] [REI]  - EntrySettingsAdapterRegistryImpl
[06:24:20] [main/DEBUG] [REI]  - RecipeManagerContextImpl
[06:24:20] [main/DEBUG] [REI]  - ItemComparatorRegistryImpl
[06:24:20] [main/DEBUG] [REI]  - FluidComparatorRegistryImpl
[06:24:20] [main/DEBUG] [REI]  - DisplaySerializerRegistryImpl
[06:24:20] [main/DEBUG] [REI]  - FluidSupportProviderImpl
[06:24:20] [main/DEBUG] [REI] Plugins (3):
[06:24:20] [main/DEBUG] [REI]  - (-100.00) DefaultPlugin of DefaultPlugin [roughlyenoughitems]
[06:24:20] [main/DEBUG] [REI]  - (0.00) FabricFluidAPISupportPlugin
[06:24:20] [main/DEBUG] [REI]  - (0.00) DefaultRuntimePlugin of DefaultRuntimePlugin [roughlyenoughitems]
[06:24:20] [main/DEBUG] [REI] ========================================
[06:24:20] [main/TRACE] [REI] [REIPlugin END] Reloading Section: "pre-register/"
[06:24:20] [main/TRACE] [REI] [REIPlugin END] Reloading Section: "pre-register/DefaultPlugin of DefaultPlugin [roughlyenoughitems]/"
[06:24:20] [main/TRACE] [REI] [REIPlugin END] Reloading Section: "pre-register/DefaultPlugin of DefaultPlugin [roughlyenoughitems]/" done in 94.03 μs
[06:24:20] [main/TRACE] [REI] [REIPlugin END] Reloading Section: "pre-register/FabricFluidAPISupportPlugin/"
[06:24:20] [main/TRACE] [REI] [REIPlugin END] Reloading Section: "pre-register/FabricFluidAPISupportPlugin/" done in 93.43 μs
[06:24:20] [main/TRACE] [REI] [REIPlugin END] Reloading Section: "pre-register/DefaultRuntimePlugin of DefaultRuntimePlugin [roughlyenoughitems]/"
[06:24:20] [main/TRACE] [REI] [REIPlugin END] Reloading Section: "pre-register/DefaultRuntimePlugin of DefaultRuntimePlugin [roughlyenoughitems]/" done in 95.72 μs
[06:24:20] [main/TRACE] [REI] [REIPlugin END] Reloading Section: "pre-register/" done in 864.3 μs
[06:24:20] [main/TRACE] [REI] [REIPlugin END] Reloading Section: "pre-stage/"
[06:24:20] [main/TRACE] [REI] [REIPlugin END] Reloading Section: "pre-stage/EntryTypeRegistryImpl/"
[06:24:20] [main/TRACE] [REI] [REIPlugin END] Reloading Section: "pre-stage/EntryTypeRegistryImpl/" done in 86.59 μs
[06:24:20] [main/TRACE] [REI] [REIPlugin END] Reloading Section: "pre-stage/EntrySettingsAdapterRegistryImpl/"
[06:24:20] [main/TRACE] [REI] [REIPlugin END] Reloading Section: "pre-stage/EntrySettingsAdapterRegistryImpl/" done in 97.17 μs
[06:24:20] [main/TRACE] [REI] [REIPlugin END] Reloading Section: "pre-stage/RecipeManagerContextImpl/"
[06:24:20] [main/TRACE] [REI] [REIPlugin END] Reloading Section: "pre-stage/RecipeManagerContextImpl/" done in 98.46 μs
[06:24:20] [main/TRACE] [REI] [REIPlugin END] Reloading Section: "pre-stage/ItemComparatorRegistryImpl/"
[06:24:20] [main/TRACE] [REI] [REIPlugin END] Reloading Section: "pre-stage/ItemComparatorRegistryImpl/" done in 95.68 μs
[06:24:20] [main/TRACE] [REI] [REIPlugin END] Reloading Section: "pre-stage/FluidComparatorRegistryImpl/"
[06:24:20] [main/TRACE] [REI] [REIPlugin END] Reloading Section: "pre-stage/FluidComparatorRegistryImpl/" done in 108.1 μs
[06:24:20] [main/TRACE] [REI] [REIPlugin END] Reloading Section: "pre-stage/DisplaySerializerRegistryImpl/"
[06:24:20] [main/TRACE] [REI] [REIPlugin END] Reloading Section: "pre-stage/DisplaySerializerRegistryImpl/" done in 100.0 μs
[06:24:20] [main/TRACE] [REI] [REIPlugin END] Reloading Section: "pre-stage/FluidSupportProviderImpl/"
[06:24:20] [main/TRACE] [REI] [REIPlugin END] Reloading Section: "pre-stage/FluidSupportProviderImpl/" done in 95.68 μs
[06:24:20] [main/TRACE] [REI] [REIPlugin END] Reloading Section: "pre-stage/" done in 1.867 ms
[06:24:20] [main/DEBUG] [REI] ========================================
[06:24:20] [main/DEBUG] [REI] REIPlugin finished pre-reload for END in 3.017 ms.
[06:24:20] [main/DEBUG] [REI] ========================================
[06:24:20] [main/DEBUG] [REI] ========================================
[06:24:20] [main/DEBUG] [REI] REIServerPlugin starting pre-reload for END.
[06:24:20] [main/DEBUG] [REI] Reloadables (2):
[06:24:20] [main/DEBUG] [REI]  - MenuInfoRegistryImpl
[06:24:20] [main/DEBUG] [REI]  - SlotAccessorRegistryImpl
[06:24:20] [main/DEBUG] [REI] Plugins (3):
[06:24:20] [main/DEBUG] [REI]  - (-100.00) DefaultPlugin of DefaultPlugin [roughlyenoughitems]
[06:24:20] [main/DEBUG] [REI]  - (0.00) FabricFluidAPISupportPlugin
[06:24:20] [main/DEBUG] [REI]  - (0.00) DefaultRuntimePlugin of DefaultRuntimePlugin [roughlyenoughitems]
[06:24:20] [main/DEBUG] [REI] ========================================
[06:24:20] [main/TRACE] [REI] [REIServerPlugin END] Reloading Section: "pre-register/"
[06:24:20] [main/TRACE] [REI] [REIServerPlugin END] Reloading Section: "pre-register/DefaultPlugin of DefaultPlugin [roughlyenoughitems]/"
[06:24:20] [main/TRACE] [REI] [REIServerPlugin END] Reloading Section: "pre-register/DefaultPlugin of DefaultPlugin [roughlyenoughitems]/" done in 96.65 μs
[06:24:20] [main/TRACE] [REI] [REIServerPlugin END] Reloading Section: "pre-register/FabricFluidAPISupportPlugin/"
[06:24:20] [main/TRACE] [REI] [REIServerPlugin END] Reloading Section: "pre-register/FabricFluidAPISupportPlugin/" done in 96.21 μs
[06:24:20] [main/TRACE] [REI] [REIServerPlugin END] Reloading Section: "pre-register/DefaultRuntimePlugin of DefaultRuntimePlugin [roughlyenoughitems]/"
[06:24:20] [main/TRACE] [REI] [REIServerPlugin END] Reloading Section: "pre-register/DefaultRuntimePlugin of DefaultRuntimePlugin [roughlyenoughitems]/" done in 91.08 μs
[06:24:20] [main/TRACE] [REI] [REIServerPlugin END] Reloading Section: "pre-register/" done in 837.5 μs
[06:24:20] [main/TRACE] [REI] [REIServerPlugin END] Reloading Section: "pre-stage/"
[06:24:20] [main/TRACE] [REI] [REIServerPlugin END] Reloading Section: "pre-stage/MenuInfoRegistryImpl/"
[06:24:20] [main/TRACE] [REI] [REIServerPlugin END] Reloading Section: "pre-stage/MenuInfoRegistryImpl/" done in 87.16 μs
[06:24:20] [main/TRACE] [REI] [REIServerPlugin END] Reloading Section: "pre-stage/SlotAccessorRegistryImpl/"
[06:24:20] [main/TRACE] [REI] [REIServerPlugin END] Reloading Section: "pre-stage/SlotAccessorRegistryImpl/" done in 99.82 μs
[06:24:20] [main/TRACE] [REI] [REIServerPlugin END] Reloading Section: "pre-stage/" done in 561.1 μs
[06:24:20] [main/DEBUG] [REI] ========================================
[06:24:20] [main/DEBUG] [REI] REIServerPlugin finished pre-reload for END in 1.668 ms.
[06:24:20] [main/DEBUG] [REI] ========================================
[06:24:20] [main/INFO] [REI] ++++++++++++++++++++++++++++++++++++++++
[06:24:20] [main/INFO] [REI] REIPlugin starting main-reload for END.
[06:24:20] [main/DEBUG] [REI] Reloadables (7):
[06:24:20] [main/DEBUG] [REI]  - EntryTypeRegistryImpl
[06:24:20] [main/DEBUG] [REI]  - EntrySettingsAdapterRegistryImpl
[06:24:20] [main/DEBUG] [REI]  - RecipeManagerContextImpl
[06:24:20] [main/DEBUG] [REI]  - ItemComparatorRegistryImpl
[06:24:20] [main/DEBUG] [REI]  - FluidComparatorRegistryImpl
[06:24:20] [main/DEBUG] [REI]  - DisplaySerializerRegistryImpl
[06:24:20] [main/DEBUG] [REI]  - FluidSupportProviderImpl
[06:24:20] [main/INFO] [REI] Plugins (3):
[06:24:20] [main/INFO] [REI]  - (-100.00) DefaultPlugin of DefaultPlugin [roughlyenoughitems]
[06:24:20] [main/INFO] [REI]  - (0.00) FabricFluidAPISupportPlugin
[06:24:20] [main/INFO] [REI]  - (0.00) DefaultRuntimePlugin of DefaultRuntimePlugin [roughlyenoughitems]
[06:24:20] [main/INFO] [REI] ++++++++++++++++++++++++++++++++++++++++
[06:24:20] [main/TRACE] [REI] [REIPlugin END] Reloading Section: "start-reload/"
[06:24:20] [main/TRACE] [REI] [REIPlugin END] Reloading Section: "start-reload/EntryTypeRegistryImpl/"
[06:24:20] [main/TRACE] [REI] [REIPlugin END] Reloading Section: "start-reload/EntryTypeRegistryImpl/" done in 92.40 μs
[06:24:20] [main/TRACE] [REI] [REIPlugin END] Reloading Section: "start-reload/EntrySettingsAdapterRegistryImpl/"
[06:24:20] [main/TRACE] [REI] [REIPlugin END] Reloading Section: "start-reload/EntrySettingsAdapterRegistryImpl/" done in 116.6 μs
[06:24:20] [main/TRACE] [REI] [REIPlugin END] Reloading Section: "start-reload/RecipeManagerContextImpl/"
[06:24:20] [main/TRACE] [REI] [REIPlugin END] Reloading Section: "start-reload/RecipeManagerContextImpl/" done in 95.25 μs
[06:24:20] [main/TRACE] [REI] [REIPlugin END] Reloading Section: "start-reload/ItemComparatorRegistryImpl/"
[06:24:20] [main/TRACE] [REI] [REIPlugin END] Reloading Section: "start-reload/ItemComparatorRegistryImpl/" done in 91.75 μs
[06:24:20] [main/TRACE] [REI] [REIPlugin END] Reloading Section: "start-reload/FluidComparatorRegistryImpl/"
[06:24:20] [main/TRACE] [REI] [REIPlugin END] Reloading Section: "start-reload/FluidComparatorRegistryImpl/" done in 92.27 μs
[06:24:20] [main/TRACE] [REI] [REIPlugin END] Reloading Section: "start-reload/DisplaySerializerRegistryImpl/"
[06:24:20] [main/TRACE] [REI] [REIPlugin END] Reloading Section: "start-reload/DisplaySerializerRegistryImpl/" done in 100.8 μs
[06:24:20] [main/TRACE] [REI] [REIPlugin END] Reloading Section: "start-reload/FluidSupportProviderImpl/"
[06:24:20] [main/TRACE] [REI] [REIPlugin END] Reloading Section: "start-reload/FluidSupportProviderImpl/" done in 90.42 μs
[06:24:20] [main/TRACE] [REI] [REIPlugin END] Reloading Section: "start-reload/" done in 1.819 ms
[06:24:20] [main/DEBUG] [REI] ========================================
[06:24:20] [main/DEBUG] [REI] REIPlugin started main-reload for END.
[06:24:20] [main/DEBUG] [REI] ========================================
[06:24:20] [main/TRACE] [REI] [REIPlugin END] Reloading Section: "reloadable-plugin/EntryTypeRegistryImpl/"
[06:24:20] [main/TRACE] [REI] [REIPlugin END] Reloading Section: "reloadable-plugin/EntryTypeRegistryImpl/DefaultPlugin of DefaultPlugin [roughlyenoughitems]/"
[06:24:20] [main/TRACE] [REI] [REIPlugin END] Reloading Section: "reloadable-plugin/EntryTypeRegistryImpl/DefaultPlugin of DefaultPlugin [roughlyenoughitems]/" done in 103.1 μs
[06:24:20] [main/TRACE] [REI] [REIPlugin END] Reloading Section: "reloadable-plugin/EntryTypeRegistryImpl/FabricFluidAPISupportPlugin/"
[06:24:20] [main/TRACE] [REI] [REIPlugin END] Reloading Section: "reloadable-plugin/EntryTypeRegistryImpl/FabricFluidAPISupportPlugin/" done in 100.1 μs
[06:24:20] [main/TRACE] [REI] [REIPlugin END] Reloading Section: "reloadable-plugin/EntryTypeRegistryImpl/DefaultRuntimePlugin of DefaultRuntimePlugin [roughlyenoughitems]/"
[06:24:20] [main/TRACE] [REI] [REIPlugin END] Reloading Section: "reloadable-plugin/EntryTypeRegistryImpl/DefaultRuntimePlugin of DefaultRuntimePlugin [roughlyenoughitems]/" done in 103.2 μs
[06:24:20] [main/TRACE] [REI] [REIPlugin END] Reloading Section: "reloadable-plugin/EntryTypeRegistryImpl/" done in 938.6 μs
[06:24:20] [main/TRACE] [REI] [REIPlugin END] Reloading Section: "reloadable-plugin/EntrySettingsAdapterRegistryImpl/"
[06:24:20] [main/TRACE] [REI] [REIPlugin END] Reloading Section: "reloadable-plugin/EntrySettingsAdapterRegistryImpl/DefaultPlugin of DefaultPlugin [roughlyenoughitems]/"
[06:24:20] [main/TRACE] [REI] [REIPlugin END] Reloading Section: "reloadable-plugin/EntrySettingsAdapterRegistryImpl/DefaultPlugin of DefaultPlugin [roughlyenoughitems]/" done in 112.9 μs
[06:24:20] [main/TRACE] [REI] [REIPlugin END] Reloading Section: "reloadable-plugin/EntrySettingsAdapterRegistryImpl/FabricFluidAPISupportPlugin/"
[06:24:20] [main/TRACE] [REI] [REIPlugin END] Reloading Section: "reloadable-plugin/EntrySettingsAdapterRegistryImpl/FabricFluidAPISupportPlugin/" done in 101.3 μs
[06:24:20] [main/TRACE] [REI] [REIPlugin END] Reloading Section: "reloadable-plugin/EntrySettingsAdapterRegistryImpl/DefaultRuntimePlugin of DefaultRuntimePlugin [roughlyenoughitems]/"
[06:24:20] [main/TRACE] [REI] [REIPlugin END] Reloading Section: "reloadable-plugin/EntrySettingsAdapterRegistryImpl/DefaultRuntimePlugin of DefaultRuntimePlugin [roughlyenoughitems]/" done in 110.5 μs
[06:24:20] [main/TRACE] [REI] [REIPlugin END] Reloading Section: "reloadable-plugin/EntrySettingsAdapterRegistryImpl/" done in 904.3 μs
[06:24:20] [main/TRACE] [REI] [REIPlugin END] Reloading Section: "reloadable-plugin/RecipeManagerContextImpl/"
[06:24:20] [main/TRACE] [REI] [REIPlugin END] Reloading Section: "reloadable-plugin/RecipeManagerContextImpl/DefaultPlugin of DefaultPlugin [roughlyenoughitems]/"
[06:24:20] [main/TRACE] [REI] [REIPlugin END] Reloading Section: "reloadable-plugin/RecipeManagerContextImpl/DefaultPlugin of DefaultPlugin [roughlyenoughitems]/" done in 89.29 μs
[06:24:20] [main/TRACE] [REI] [REIPlugin END] Reloading Section: "reloadable-plugin/RecipeManagerContextImpl/FabricFluidAPISupportPlugin/"
[06:24:20] [main/TRACE] [REI] [REIPlugin END] Reloading Section: "reloadable-plugin/RecipeManagerContextImpl/FabricFluidAPISupportPlugin/" done in 93.35 μs
[06:24:20] [main/TRACE] [REI] [REIPlugin END] Reloading Section: "reloadable-plugin/RecipeManagerContextImpl/DefaultRuntimePlugin of DefaultRuntimePlugin [roughlyenoughitems]/"
[06:24:20] [main/TRACE] [REI] [REIPlugin END] Reloading Section: "reloadable-plugin/RecipeManagerContextImpl/DefaultRuntimePlugin of DefaultRuntimePlugin [roughlyenoughitems]/" done in 92.15 μs
[06:24:20] [main/TRACE] [REI] [REIPlugin END] Reloading Section: "reloadable-plugin/RecipeManagerContextImpl/" done in 787.1 μs
[06:24:20] [main/TRACE] [REI] [REIPlugin END] Reloading Section: "reloadable-plugin/ItemComparatorRegistryImpl/"
[06:24:20] [main/TRACE] [REI] [REIPlugin END] Reloading Section: "reloadable-plugin/ItemComparatorRegistryImpl/DefaultPlugin of DefaultPlugin [roughlyenoughitems]/"
[06:24:20] [main/TRACE] [REI] [REIPlugin END] Reloading Section: "reloadable-plugin/ItemComparatorRegistryImpl/DefaultPlugin of DefaultPlugin [roughlyenoughitems]/" done in 99.54 μs
[06:24:20] [main/TRACE] [REI] [REIPlugin END] Reloading Section: "reloadable-plugin/ItemComparatorRegistryImpl/FabricFluidAPISupportPlugin/"
[06:24:20] [main/TRACE] [REI] [REIPlugin END] Reloading Section: "reloadable-plugin/ItemComparatorRegistryImpl/FabricFluidAPISupportPlugin/" done in 102.5 μs
[06:24:20] [main/TRACE] [REI] [REIPlugin END] Reloading Section: "reloadable-plugin/ItemComparatorRegistryImpl/DefaultRuntimePlugin of DefaultRuntimePlugin [roughlyenoughitems]/"
[06:24:20] [main/TRACE] [REI] [REIPlugin END] Reloading Section: "reloadable-plugin/ItemComparatorRegistryImpl/DefaultRuntimePlugin of DefaultRuntimePlugin [roughlyenoughitems]/" done in 100.7 μs
[06:24:20] [main/TRACE] [REI] [REIPlugin END] Reloading Section: "reloadable-plugin/ItemComparatorRegistryImpl/" done in 852.6 μs
[06:24:20] [main/TRACE] [REI] [REIPlugin END] Reloading Section: "reloadable-plugin/FluidComparatorRegistryImpl/"
[06:24:20] [main/TRACE] [REI] [REIPlugin END] Reloading Section: "reloadable-plugin/FluidComparatorRegistryImpl/DefaultPlugin of DefaultPlugin [roughlyenoughitems]/"
[06:24:20] [main/TRACE] [REI] [REIPlugin END] Reloading Section: "reloadable-plugin/FluidComparatorRegistryImpl/DefaultPlugin of DefaultPlugin [roughlyenoughitems]/" done in 98.53 μs
[06:24:20] [main/TRACE] [REI] [REIPlugin END] Reloading Section: "reloadable-plugin/FluidComparatorRegistryImpl/FabricFluidAPISupportPlugin/"
[06:24:20] [main/TRACE] [REI] [REIPlugin END] Reloading Section: "reloadable-plugin/FluidComparatorRegistryImpl/FabricFluidAPISupportPlugin/" done in 100.8 μs
[06:24:20] [main/TRACE] [REI] [REIPlugin END] Reloading Section: "reloadable-plugin/FluidComparatorRegistryImpl/DefaultRuntimePlugin of DefaultRuntimePlugin [roughlyenoughitems]/"
[06:24:20] [main/TRACE] [REI] [REIPlugin END] Reloading Section: "reloadable-plugin/FluidComparatorRegistryImpl/DefaultRuntimePlugin of DefaultRuntimePlugin [roughlyenoughitems]/" done in 97.04 μs
[06:24:20] [main/TRACE] [REI] [REIPlugin END] Reloading Section: "reloadable-plugin/FluidComparatorRegistryImpl/" done in 894.7 μs
[06:24:20] [main/TRACE] [REI] [REIPlugin END] Reloading Section: "reloadable-plugin/DisplaySerializerRegistryImpl/"
[06:24:20] [main/TRACE] [REI] [REIPlugin END] Reloading Section: "reloadable-plugin/DisplaySerializerRegistryImpl/DefaultPlugin of DefaultPlugin [roughlyenoughitems]/"
[06:24:20] [main/TRACE] [REI] [REIPlugin END] Reloading Section: "reloadable-plugin/DisplaySerializerRegistryImpl/DefaultPlugin of DefaultPlugin [roughlyenoughitems]/" done in 19.98 ms
[06:24:20] [main/TRACE] [REI] [REIPlugin END] Reloading Section: "reloadable-plugin/DisplaySerializerRegistryImpl/FabricFluidAPISupportPlugin/"
[06:24:20] [main/TRACE] [REI] [REIPlugin END] Reloading Section: "reloadable-plugin/DisplaySerializerRegistryImpl/FabricFluidAPISupportPlugin/" done in 57.45 μs
[06:24:20] [main/TRACE] [REI] [REIPlugin END] Reloading Section: "reloadable-plugin/DisplaySerializerRegistryImpl/DefaultRuntimePlugin of DefaultRuntimePlugin [roughlyenoughitems]/"
[06:24:20] [main/TRACE] [REI] [REIPlugin END] Reloading Section: "reloadable-plugin/DisplaySerializerRegistryImpl/DefaultRuntimePlugin of DefaultRuntimePlugin [roughlyenoughitems]/" done in 42.45 μs
[06:24:20] [main/TRACE] [REI] [REIPlugin END] Reloading Section: "reloadable-plugin/DisplaySerializerRegistryImpl/" done in 20.97 ms
[06:24:20] [main/TRACE] [REI] [REIPlugin END] Reloading Section: "reloadable-plugin/FluidSupportProviderImpl/"
[06:24:20] [main/TRACE] [REI] [REIPlugin END] Reloading Section: "reloadable-plugin/FluidSupportProviderImpl/DefaultPlugin of DefaultPlugin [roughlyenoughitems]/"
[06:24:20] [main/TRACE] [REI] [REIPlugin END] Reloading Section: "reloadable-plugin/FluidSupportProviderImpl/DefaultPlugin of DefaultPlugin [roughlyenoughitems]/" done in 50.14 μs
[06:24:20] [main/TRACE] [REI] [REIPlugin END] Reloading Section: "reloadable-plugin/FluidSupportProviderImpl/FabricFluidAPISupportPlugin/"
[06:24:20] [main/TRACE] [REI] [REIPlugin END] Reloading Section: "reloadable-plugin/FluidSupportProviderImpl/FabricFluidAPISupportPlugin/" done in 38.09 μs
[06:24:20] [main/TRACE] [REI] [REIPlugin END] Reloading Section: "reloadable-plugin/FluidSupportProviderImpl/DefaultRuntimePlugin of DefaultRuntimePlugin [roughlyenoughitems]/"
[06:24:20] [main/TRACE] [REI] [REIPlugin END] Reloading Section: "reloadable-plugin/FluidSupportProviderImpl/DefaultRuntimePlugin of DefaultRuntimePlugin [roughlyenoughitems]/" done in 39.22 μs
[06:24:20] [main/TRACE] [REI] [REIPlugin END] Reloading Section: "reloadable-plugin/FluidSupportProviderImpl/" done in 446.3 μs
[06:24:20] [main/DEBUG] [REI] ========================================
[06:24:20] [main/DEBUG] [REI] REIPlugin ending main-reload for END.
[06:24:20] [main/DEBUG] [REI] ========================================
[06:24:20] [main/TRACE] [REI] [REIPlugin END] Reloading Section: "end-reload/"
[06:24:20] [main/TRACE] [REI] [REIPlugin END] Reloading Section: "end-reload/EntryTypeRegistryImpl/"
[06:24:20] [main/TRACE] [REI] [REIPlugin END] Reloading Section: "end-reload/EntryTypeRegistryImpl/" done in 28.23 μs
[06:24:20] [main/TRACE] [REI] [REIPlugin END] Reloading Section: "end-reload/EntrySettingsAdapterRegistryImpl/"
[06:24:20] [main/TRACE] [REI] [REIPlugin END] Reloading Section: "end-reload/EntrySettingsAdapterRegistryImpl/" done in 29.84 μs
[06:24:20] [main/TRACE] [REI] [REIPlugin END] Reloading Section: "end-reload/RecipeManagerContextImpl/"
[06:24:20] [main/TRACE] [REI] [REIPlugin END] Reloading Section: "end-reload/RecipeManagerContextImpl/" done in 28.70 μs
[06:24:20] [main/TRACE] [REI] [REIPlugin END] Reloading Section: "end-reload/ItemComparatorRegistryImpl/"
[06:24:20] [main/TRACE] [REI] [REIPlugin END] Reloading Section: "end-reload/ItemComparatorRegistryImpl/" done in 33.08 μs
[06:24:20] [main/TRACE] [REI] [REIPlugin END] Reloading Section: "end-reload/FluidComparatorRegistryImpl/"
[06:24:20] [main/TRACE] [REI] [REIPlugin END] Reloading Section: "end-reload/FluidComparatorRegistryImpl/" done in 30.11 μs
[06:24:20] [main/TRACE] [REI] [REIPlugin END] Reloading Section: "end-reload/DisplaySerializerRegistryImpl/"
[06:24:20] [main/TRACE] [REI] [REIPlugin END] Reloading Section: "end-reload/DisplaySerializerRegistryImpl/" done in 29.71 μs
[06:24:20] [main/TRACE] [REI] [REIPlugin END] Reloading Section: "end-reload/FluidSupportProviderImpl/"
[06:24:20] [main/TRACE] [REI] [REIPlugin END] Reloading Section: "end-reload/FluidSupportProviderImpl/" done in 29.14 μs
[06:24:20] [main/TRACE] [REI] [REIPlugin END] Reloading Section: "end-reload/" done in 780.1 μs
[06:24:20] [main/DEBUG] [REI] ========================================
[06:24:20] [main/DEBUG] [REI] REIPlugin ended main-reload for END in 32.91 ms.
[06:24:20] [main/DEBUG] [REI] ========================================
[06:24:20] [main/INFO] [REI] ----------------------------------------
[06:24:20] [main/INFO] [REI] REIServerPlugin starting main-reload for END.
[06:24:20] [main/DEBUG] [REI] Reloadables (2):
[06:24:20] [main/DEBUG] [REI]  - MenuInfoRegistryImpl
[06:24:20] [main/DEBUG] [REI]  - SlotAccessorRegistryImpl
[06:24:20] [main/INFO] [REI] Plugins (3):
[06:24:20] [main/INFO] [REI]  - (-100.00) DefaultPlugin of DefaultPlugin [roughlyenoughitems]
[06:24:20] [main/INFO] [REI]  - (0.00) FabricFluidAPISupportPlugin
[06:24:20] [main/INFO] [REI]  - (0.00) DefaultRuntimePlugin of DefaultRuntimePlugin [roughlyenoughitems]
[06:24:20] [main/INFO] [REI] ----------------------------------------
[06:24:20] [main/TRACE] [REI] [REIServerPlugin END] Reloading Section: "start-reload/"
[06:24:20] [main/TRACE] [REI] [REIServerPlugin END] Reloading Section: "start-reload/MenuInfoRegistryImpl/"
[06:24:20] [main/TRACE] [REI] [REIServerPlugin END] Reloading Section: "start-reload/MenuInfoRegistryImpl/" done in 44.25 μs
[06:24:20] [main/TRACE] [REI] [REIServerPlugin END] Reloading Section: "start-reload/SlotAccessorRegistryImpl/"
[06:24:20] [main/TRACE] [REI] [REIServerPlugin END] Reloading Section: "start-reload/SlotAccessorRegistryImpl/" done in 44.45 μs
[06:24:20] [main/TRACE] [REI] [REIServerPlugin END] Reloading Section: "start-reload/" done in 324.2 μs
[06:24:20] [main/DEBUG] [REI] ========================================
[06:24:20] [main/DEBUG] [REI] REIServerPlugin started main-reload for END.
[06:24:20] [main/DEBUG] [REI] ========================================
[06:24:20] [main/TRACE] [REI] [REIServerPlugin END] Reloading Section: "reloadable-plugin/MenuInfoRegistryImpl/"
[06:24:20] [main/TRACE] [REI] [REIServerPlugin END] Reloading Section: "reloadable-plugin/MenuInfoRegistryImpl/DefaultPlugin of DefaultPlugin [roughlyenoughitems]/"
[06:24:20] [main/TRACE] [REI] [REIServerPlugin END] Reloading Section: "reloadable-plugin/MenuInfoRegistryImpl/DefaultPlugin of DefaultPlugin [roughlyenoughitems]/" done in 54.44 μs
[06:24:20] [main/TRACE] [REI] [REIServerPlugin END] Reloading Section: "reloadable-plugin/MenuInfoRegistryImpl/FabricFluidAPISupportPlugin/"
[06:24:20] [main/TRACE] [REI] [REIServerPlugin END] Reloading Section: "reloadable-plugin/MenuInfoRegistryImpl/FabricFluidAPISupportPlugin/" done in 52.64 μs
[06:24:20] [main/TRACE] [REI] [REIServerPlugin END] Reloading Section: "reloadable-plugin/MenuInfoRegistryImpl/DefaultRuntimePlugin of DefaultRuntimePlugin [roughlyenoughitems]/"
[06:24:20] [main/TRACE] [REI] [REIServerPlugin END] Reloading Section: "reloadable-plugin/MenuInfoRegistryImpl/DefaultRuntimePlugin of DefaultRuntimePlugin [roughlyenoughitems]/" done in 42.34 μs
[06:24:20] [main/TRACE] [REI] [REIServerPlugin END] Reloading Section: "reloadable-plugin/MenuInfoRegistryImpl/" done in 493.9 μs
[06:24:20] [main/TRACE] [REI] [REIServerPlugin END] Reloading Section: "reloadable-plugin/SlotAccessorRegistryImpl/"
[06:24:20] [main/TRACE] [REI] [REIServerPlugin END] Reloading Section: "reloadable-plugin/SlotAccessorRegistryImpl/DefaultPlugin of DefaultPlugin [roughlyenoughitems]/"
[06:24:20] [main/TRACE] [REI] [REIServerPlugin END] Reloading Section: "reloadable-plugin/SlotAccessorRegistryImpl/DefaultPlugin of DefaultPlugin [roughlyenoughitems]/" done in 43.46 μs
[06:24:20] [main/TRACE] [REI] [REIServerPlugin END] Reloading Section: "reloadable-plugin/SlotAccessorRegistryImpl/FabricFluidAPISupportPlugin/"
[06:24:20] [main/TRACE] [REI] [REIServerPlugin END] Reloading Section: "reloadable-plugin/SlotAccessorRegistryImpl/FabricFluidAPISupportPlugin/" done in 39.42 μs
[06:24:20] [main/TRACE] [REI] [REIServerPlugin END] Reloading Section: "reloadable-plugin/SlotAccessorRegistryImpl/DefaultRuntimePlugin of DefaultRuntimePlugin [roughlyenoughitems]/"
[06:24:20] [main/DEBUG] [REI] Added slot accessor serializer: me.shedaniel.rei.plugin.common.runtime.DefaultRuntimePlugin$1@5e87247 [roughlyenoughitems:vanilla]
[06:24:20] [main/DEBUG] [REI] Added slot accessor serializer: me.shedaniel.rei.plugin.common.runtime.DefaultRuntimePlugin$2@27f3b5ba [roughlyenoughitems:player]
[06:24:20] [main/TRACE] [REI] [REIServerPlugin END] Reloading Section: "reloadable-plugin/SlotAccessorRegistryImpl/DefaultRuntimePlugin of DefaultRuntimePlugin [roughlyenoughitems]/" done in 1.777 ms
[06:24:20] [main/TRACE] [REI] [REIServerPlugin END] Reloading Section: "reloadable-plugin/SlotAccessorRegistryImpl/" done in 2.214 ms
[06:24:20] [main/DEBUG] [REI] ========================================
[06:24:20] [main/DEBUG] [REI] REIServerPlugin ending main-reload for END.
[06:24:20] [main/DEBUG] [REI] ========================================
[06:24:20] [main/TRACE] [REI] [REIServerPlugin END] Reloading Section: "end-reload/"
[06:24:20] [main/TRACE] [REI] [REIServerPlugin END] Reloading Section: "end-reload/MenuInfoRegistryImpl/"
[06:24:20] [main/DEBUG] [REI] Registered 0 menu infos
[06:24:20] [main/TRACE] [REI] [REIServerPlugin END] Reloading Section: "end-reload/MenuInfoRegistryImpl/" done in 79.53 μs
[06:24:20] [main/TRACE] [REI] [REIServerPlugin END] Reloading Section: "end-reload/SlotAccessorRegistryImpl/"
[06:24:20] [main/DEBUG] [REI] Registered 2 slot accessor serializers
[06:24:20] [main/TRACE] [REI] [REIServerPlugin END] Reloading Section: "end-reload/SlotAccessorRegistryImpl/" done in 84.28 μs
[06:24:20] [main/TRACE] [REI] [REIServerPlugin END] Reloading Section: "end-reload/" done in 354.2 μs
[06:24:20] [main/DEBUG] [REI] ========================================
[06:24:20] [main/DEBUG] [REI] REIServerPlugin ended main-reload for END in 5.526 ms.
[06:24:20] [main/DEBUG] [REI] ========================================
[06:24:20] [main/DEBUG] [REI] ========================================
[06:24:20] [main/DEBUG] [REI] REIPlugin starting post-reload for END.
[06:24:20] [main/DEBUG] [REI] Reloadables (7):
[06:24:20] [main/DEBUG] [REI]  - EntryTypeRegistryImpl
[06:24:20] [main/DEBUG] [REI]  - EntrySettingsAdapterRegistryImpl
[06:24:20] [main/DEBUG] [REI]  - RecipeManagerContextImpl
[06:24:20] [main/DEBUG] [REI]  - ItemComparatorRegistryImpl
[06:24:20] [main/DEBUG] [REI]  - FluidComparatorRegistryImpl
[06:24:20] [main/DEBUG] [REI]  - DisplaySerializerRegistryImpl
[06:24:20] [main/DEBUG] [REI]  - FluidSupportProviderImpl
[06:24:20] [main/DEBUG] [REI] Plugins (3):
[06:24:20] [main/DEBUG] [REI]  - (-100.00) DefaultPlugin of DefaultPlugin [roughlyenoughitems]
[06:24:20] [main/DEBUG] [REI]  - (0.00) FabricFluidAPISupportPlugin
[06:24:20] [main/DEBUG] [REI]  - (0.00) DefaultRuntimePlugin of DefaultRuntimePlugin [roughlyenoughitems]
[06:24:20] [main/DEBUG] [REI] ========================================
[06:24:20] [main/TRACE] [REI] [REIPlugin END] Reloading Section: "post-register/"
[06:24:20] [main/TRACE] [REI] [REIPlugin END] Reloading Section: "post-register/DefaultPlugin of DefaultPlugin [roughlyenoughitems]/"
[06:24:20] [main/TRACE] [REI] [REIPlugin END] Reloading Section: "post-register/DefaultPlugin of DefaultPlugin [roughlyenoughitems]/" done in 33.94 μs
[06:24:20] [main/TRACE] [REI] [REIPlugin END] Reloading Section: "post-register/FabricFluidAPISupportPlugin/"
[06:24:20] [main/TRACE] [REI] [REIPlugin END] Reloading Section: "post-register/FabricFluidAPISupportPlugin/" done in 38.05 μs
[06:24:20] [main/TRACE] [REI] [REIPlugin END] Reloading Section: "post-register/DefaultRuntimePlugin of DefaultRuntimePlugin [roughlyenoughitems]/"
[06:24:20] [main/TRACE] [REI] [REIPlugin END] Reloading Section: "post-register/DefaultRuntimePlugin of DefaultRuntimePlugin [roughlyenoughitems]/" done in 36.90 μs
[06:24:20] [main/TRACE] [REI] [REIPlugin END] Reloading Section: "post-register/" done in 410.4 μs
[06:24:20] [main/TRACE] [REI] [REIPlugin END] Reloading Section: "post-stage/"
[06:24:20] [main/TRACE] [REI] [REIPlugin END] Reloading Section: "post-stage/EntryTypeRegistryImpl/"
[06:24:20] [main/TRACE] [REI] [REIPlugin END] Reloading Section: "post-stage/EntryTypeRegistryImpl/" done in 29.33 μs
[06:24:20] [main/TRACE] [REI] [REIPlugin END] Reloading Section: "post-stage/EntrySettingsAdapterRegistryImpl/"
[06:24:20] [main/TRACE] [REI] [REIPlugin END] Reloading Section: "post-stage/EntrySettingsAdapterRegistryImpl/" done in 31.68 μs
[06:24:20] [main/TRACE] [REI] [REIPlugin END] Reloading Section: "post-stage/RecipeManagerContextImpl/"
[06:24:20] [main/TRACE] [REI] [REIPlugin END] Reloading Section: "post-stage/RecipeManagerContextImpl/" done in 37.24 μs
[06:24:20] [main/TRACE] [REI] [REIPlugin END] Reloading Section: "post-stage/ItemComparatorRegistryImpl/"
[06:24:20] [main/TRACE] [REI] [REIPlugin END] Reloading Section: "post-stage/ItemComparatorRegistryImpl/" done in 31.09 μs
[06:24:20] [main/TRACE] [REI] [REIPlugin END] Reloading Section: "post-stage/FluidComparatorRegistryImpl/"
[06:24:20] [main/TRACE] [REI] [REIPlugin END] Reloading Section: "post-stage/FluidComparatorRegistryImpl/" done in 31.02 μs
[06:24:20] [main/TRACE] [REI] [REIPlugin END] Reloading Section: "post-stage/DisplaySerializerRegistryImpl/"
[06:24:20] [main/TRACE] [REI] [REIPlugin END] Reloading Section: "post-stage/DisplaySerializerRegistryImpl/" done in 31.23 μs
[06:24:20] [main/TRACE] [REI] [REIPlugin END] Reloading Section: "post-stage/FluidSupportProviderImpl/"
[06:24:20] [main/TRACE] [REI] [REIPlugin END] Reloading Section: "post-stage/FluidSupportProviderImpl/" done in 33.16 μs
[06:24:20] [main/TRACE] [REI] [REIPlugin END] Reloading Section: "post-stage/" done in 841.8 μs
[06:24:20] [main/DEBUG] [REI] ========================================
[06:24:20] [main/INFO] [REI] REIPlugin finished post-reload for END in 1.411 ms, totaling 37.32 ms.
[06:24:20] [main/DEBUG] [REI] ========================================
[06:24:20] [main/DEBUG] [REI] ========================================
[06:24:20] [main/DEBUG] [REI] REIServerPlugin starting post-reload for END.
[06:24:20] [main/DEBUG] [REI] Reloadables (2):
[06:24:20] [main/DEBUG] [REI]  - MenuInfoRegistryImpl
[06:24:20] [main/DEBUG] [REI]  - SlotAccessorRegistryImpl
[06:24:20] [main/DEBUG] [REI] Plugins (3):
[06:24:20] [main/DEBUG] [REI]  - (-100.00) DefaultPlugin of DefaultPlugin [roughlyenoughitems]
[06:24:20] [main/DEBUG] [REI]  - (0.00) FabricFluidAPISupportPlugin
[06:24:20] [main/DEBUG] [REI]  - (0.00) DefaultRuntimePlugin of DefaultRuntimePlugin [roughlyenoughitems]
[06:24:20] [main/DEBUG] [REI] ========================================
[06:24:20] [main/TRACE] [REI] [REIServerPlugin END] Reloading Section: "post-register/"
[06:24:20] [main/TRACE] [REI] [REIServerPlugin END] Reloading Section: "post-register/DefaultPlugin of DefaultPlugin [roughlyenoughitems]/"
[06:24:20] [main/TRACE] [REI] [REIServerPlugin END] Reloading Section: "post-register/DefaultPlugin of DefaultPlugin [roughlyenoughitems]/" done in 33.95 μs
[06:24:20] [main/TRACE] [REI] [REIServerPlugin END] Reloading Section: "post-register/FabricFluidAPISupportPlugin/"
[06:24:20] [main/TRACE] [REI] [REIServerPlugin END] Reloading Section: "post-register/FabricFluidAPISupportPlugin/" done in 36.57 μs
[06:24:20] [main/TRACE] [REI] [REIServerPlugin END] Reloading Section: "post-register/DefaultRuntimePlugin of DefaultRuntimePlugin [roughlyenoughitems]/"
[06:24:20] [main/TRACE] [REI] [REIServerPlugin END] Reloading Section: "post-register/DefaultRuntimePlugin of DefaultRuntimePlugin [roughlyenoughitems]/" done in 39.41 μs
[06:24:20] [main/TRACE] [REI] [REIServerPlugin END] Reloading Section: "post-register/" done in 408.2 μs
[06:24:20] [main/TRACE] [REI] [REIServerPlugin END] Reloading Section: "post-stage/"
[06:24:20] [main/TRACE] [REI] [REIServerPlugin END] Reloading Section: "post-stage/MenuInfoRegistryImpl/"
[06:24:20] [main/TRACE] [REI] [REIServerPlugin END] Reloading Section: "post-stage/MenuInfoRegistryImpl/" done in 31.70 μs
[06:24:20] [main/TRACE] [REI] [REIServerPlugin END] Reloading Section: "post-stage/SlotAccessorRegistryImpl/"
[06:24:20] [main/TRACE] [REI] [REIServerPlugin END] Reloading Section: "post-stage/SlotAccessorRegistryImpl/" done in 31.16 μs
[06:24:20] [main/TRACE] [REI] [REIServerPlugin END] Reloading Section: "post-stage/" done in 264.7 μs
[06:24:20] [main/DEBUG] [REI] ========================================
[06:24:20] [main/INFO] [REI] REIServerPlugin finished post-reload for END in 835.2 μs, totaling 8.007 ms.
[06:24:20] [main/DEBUG] [REI] ========================================
